        -:    0:Source:C:/Users/Lucho/Documents/GitHub/aChessImplementation/tests/ej2_posicionInicialValidaTEST.cpp
        -:    0:Graph:C:\Users\Lucho\Documents\GitHub\aChessImplementation\cmake-build-debug\CMakeFiles\ajedrezLite.dir\tests\ej2_posicionInicialValidaTEST.gcno
        -:    0:Data:C:\Users\Lucho\Documents\GitHub\aChessImplementation\cmake-build-debug\CMakeFiles\ajedrezLite.dir\tests\ej2_posicionInicialValidaTEST.gcda
        -:    0:Runs:1
        -:    0:Programs:1
        -:    1:#include "../definiciones.h"
        -:    2:#include "../ejercicios.h"
        -:    3:#include "gtest/gtest.h"
        -:    4:# include <utility>
        -:    5:
        -:    6:using namespace std;
        -:    7:
        2:    8:TEST(posicionInicialValidaTEST, tableroCorrecto){
        -:    9:    tablero t = {
        -:   10:    {cTORRE_N,  cVACIA,     cALFIL_N,   cVACIA,     cREY_N,     cALFIL_N,   cVACIA,     cTORRE_N},
        -:   11:    {cPEON_N,   cPEON_N,    cPEON_N,    cPEON_N,    cPEON_N,    cPEON_N,    cPEON_N,    cPEON_N},
        -:   12:    {cVACIA,    cVACIA,     cVACIA,     cVACIA,     cVACIA,     cVACIA,     cVACIA,     cVACIA},
        -:   13:    {cVACIA,    cVACIA,     cVACIA,     cVACIA,     cVACIA,     cVACIA,     cVACIA,     cVACIA},
        -:   14:    {cVACIA,    cVACIA,     cVACIA,     cVACIA,     cVACIA,     cVACIA,     cVACIA,     cVACIA},
        -:   15:    {cVACIA,    cVACIA,     cVACIA,     cVACIA,     cVACIA,     cVACIA,     cVACIA,     cVACIA},
        -:   16:    {cPEON_B,   cPEON_B,    cPEON_B,    cPEON_B,    cPEON_B,    cPEON_B,    cPEON_B,    cPEON_B},
        -:   17:    {cTORRE_B,  cVACIA,     cALFIL_B,   cVACIA,     cREY_B,     cALFIL_B,   cVACIA,     cTORRE_B},
       12:   18:    };
        2:   19:    posicion p = make_pair(t,BLANCO);
       1*:   20:    EXPECT_TRUE(posicionInicial(p));
        1:   21:}
------------------
_ZN46posicionInicialValidaTEST_tableroCorrecto_Test8TestBodyEv:
function _ZN46posicionInicialValidaTEST_tableroCorrecto_Test8TestBodyEv called 1 returned 100% blocks executed 34%
        1:    8:TEST(posicionInicialValidaTEST, tableroCorrecto){
        -:    9:    tablero t = {
        -:   10:    {cTORRE_N,  cVACIA,     cALFIL_N,   cVACIA,     cREY_N,     cALFIL_N,   cVACIA,     cTORRE_N},
        -:   11:    {cPEON_N,   cPEON_N,    cPEON_N,    cPEON_N,    cPEON_N,    cPEON_N,    cPEON_N,    cPEON_N},
        -:   12:    {cVACIA,    cVACIA,     cVACIA,     cVACIA,     cVACIA,     cVACIA,     cVACIA,     cVACIA},
        -:   13:    {cVACIA,    cVACIA,     cVACIA,     cVACIA,     cVACIA,     cVACIA,     cVACIA,     cVACIA},
        -:   14:    {cVACIA,    cVACIA,     cVACIA,     cVACIA,     cVACIA,     cVACIA,     cVACIA,     cVACIA},
        -:   15:    {cVACIA,    cVACIA,     cVACIA,     cVACIA,     cVACIA,     cVACIA,     cVACIA,     cVACIA},
        -:   16:    {cPEON_B,   cPEON_B,    cPEON_B,    cPEON_B,    cPEON_B,    cPEON_B,    cPEON_B,    cPEON_B},
        -:   17:    {cTORRE_B,  cVACIA,     cALFIL_B,   cVACIA,     cREY_B,     cALFIL_B,   cVACIA,     cTORRE_B},
       12:   18:    };
        1:   18-block  0
call    0 returned 1
call    1 returned 1
branch  2 taken 1 (fallthrough)
branch  3 taken 0 (throw)
        1:   18-block  1
call    4 returned 1
call    5 returned 1
branch  6 taken 1 (fallthrough)
branch  7 taken 0 (throw)
        1:   18-block  2
call    8 returned 1
call    9 returned 1
branch 10 taken 1 (fallthrough)
branch 11 taken 0 (throw)
        1:   18-block  3
call   12 returned 1
call   13 returned 1
branch 14 taken 1 (fallthrough)
branch 15 taken 0 (throw)
        1:   18-block  4
call   16 returned 1
call   17 returned 1
branch 18 taken 1 (fallthrough)
branch 19 taken 0 (throw)
        1:   18-block  5
call   20 returned 1
call   21 returned 1
branch 22 taken 1 (fallthrough)
branch 23 taken 0 (throw)
        1:   18-block  6
call   24 returned 1
call   25 returned 1
branch 26 taken 1 (fallthrough)
branch 27 taken 0 (throw)
        1:   18-block  7
call   28 returned 1
call   29 returned 1
branch 30 taken 1 (fallthrough)
branch 31 taken 0 (throw)
        1:   18-block  8
call   32 returned 1
call   33 returned 1
branch 34 taken 1 (fallthrough)
branch 35 taken 0 (throw)
        8:   18-block  9
call   36 returned 8
        1:   18-block 10
call   37 returned 1
call   38 returned 1
call   39 returned 1
call   40 returned 1
call   41 returned 1
call   42 returned 1
call   43 returned 1
call   44 returned 1
call   45 returned 1
    $$$$$:   18-block 11
    $$$$$:   18-block 12
call   46 never executed
    $$$$$:   18-block 13
    $$$$$:   18-block 14
    $$$$$:   18-block 15
    $$$$$:   18-block 16
    $$$$$:   18-block 17
    $$$$$:   18-block 18
    $$$$$:   18-block 19
    $$$$$:   18-block 20
    $$$$$:   18-block 21
    $$$$$:   18-block 22
    $$$$$:   18-block 23
    $$$$$:   18-block 24
    $$$$$:   18-block 25
    $$$$$:   18-block 26
    $$$$$:   18-block 27
    $$$$$:   18-block 28
    $$$$$:   18-block 29
    $$$$$:   18-block 30
call   47 never executed
        2:   19:    posicion p = make_pair(t,BLANCO);
call    0 returned 1
branch  1 taken 1 (fallthrough)
branch  2 taken 0 (throw)
call    3 returned 1
    $$$$$:   19-block  0
    $$$$$:   19-block  1
call    4 never executed
       1*:   20:    EXPECT_TRUE(posicionInicial(p));
        1:   20-block  0
call    0 returned 1
branch  1 taken 1 (fallthrough)
branch  2 taken 0 (throw)
        1:   20-block  1
call    3 returned 1
branch  4 taken 1 (fallthrough)
branch  5 taken 0 (throw)
        1:   20-block  2
call    6 returned 1
branch  7 taken 0 (fallthrough)
branch  8 taken 1
    %%%%%:   20-block  3
call    9 never executed
branch 10 never executed
branch 11 never executed
    %%%%%:   20-block  4
call   12 never executed
branch 13 never executed
branch 14 never executed
    %%%%%:   20-block  5
call   15 never executed
call   16 never executed
branch 17 never executed
branch 18 never executed
    %%%%%:   20-block  6
call   19 never executed
branch 20 never executed
branch 21 never executed
    %%%%%:   20-block  7
call   22 never executed
call   23 never executed
call   24 never executed
        1:   20-block  8
call   25 returned 1
    $$$$$:   20-block  9
    $$$$$:   20-block 10
call   26 never executed
    $$$$$:   20-block 11
    $$$$$:   20-block 12
call   27 never executed
    $$$$$:   20-block 13
    $$$$$:   20-block 14
call   28 never executed
    $$$$$:   20-block 15
    $$$$$:   20-block 16
call   29 never executed
        1:   21:}
------------------
_ZN46posicionInicialValidaTEST_tableroCorrecto_TestC1Ev:
function _ZN46posicionInicialValidaTEST_tableroCorrecto_TestC1Ev called 1 returned 100% blocks executed 100%
        1:    8:TEST(posicionInicialValidaTEST, tableroCorrecto){
        1:    8-block  0
call    0 returned 1
------------------
        -:   22:
        2:   23:TEST(posicionInicialValidaTEST, tableroInCorrecto){
        -:   24:    tablero t = {
        -:   25:            {cTORRE_N,  cVACIA,     cALFIL_N,   cVACIA,     cREY_N,     cALFIL_N,   cVACIA,     cTORRE_N},
        -:   26:            {cPEON_N,   cPEON_N,    cVACIA,     cPEON_N,    cPEON_N,    cPEON_N,    cPEON_N,    cPEON_N},
        -:   27:            {cVACIA,    cVACIA,     cPEON_N,    cVACIA,     cVACIA,     cVACIA,     cVACIA,     cVACIA},
        -:   28:            {cVACIA,    cVACIA,     cVACIA,     cVACIA,     cVACIA,     cVACIA,     cVACIA,     cVACIA},
        -:   29:            {cVACIA,    cVACIA,     cVACIA,     cVACIA,     cVACIA,     cVACIA,     cVACIA,     cVACIA},
        -:   30:            {cVACIA,    cVACIA,     cVACIA,     cVACIA,     cVACIA,     cVACIA,     cVACIA,     cVACIA},
        -:   31:            {cPEON_B,   cPEON_B,    cPEON_B,    cPEON_B,    cPEON_B,    cPEON_B,    cPEON_B,    cPEON_B},
        -:   32:            {cTORRE_B,  cVACIA,     cALFIL_B,   cVACIA,     cREY_B,     cALFIL_B,   cVACIA,     cTORRE_B},
       12:   33:    };
        2:   34:    posicion p = make_pair(t,BLANCO);
       1*:   35:    EXPECT_FALSE(posicionInicial(p));
        1:   36:}
------------------
_ZN48posicionInicialValidaTEST_tableroInCorrecto_Test8TestBodyEv:
function _ZN48posicionInicialValidaTEST_tableroInCorrecto_Test8TestBodyEv called 1 returned 100% blocks executed 34%
        1:   23:TEST(posicionInicialValidaTEST, tableroInCorrecto){
        -:   24:    tablero t = {
        -:   25:            {cTORRE_N,  cVACIA,     cALFIL_N,   cVACIA,     cREY_N,     cALFIL_N,   cVACIA,     cTORRE_N},
        -:   26:            {cPEON_N,   cPEON_N,    cVACIA,     cPEON_N,    cPEON_N,    cPEON_N,    cPEON_N,    cPEON_N},
        -:   27:            {cVACIA,    cVACIA,     cPEON_N,    cVACIA,     cVACIA,     cVACIA,     cVACIA,     cVACIA},
        -:   28:            {cVACIA,    cVACIA,     cVACIA,     cVACIA,     cVACIA,     cVACIA,     cVACIA,     cVACIA},
        -:   29:            {cVACIA,    cVACIA,     cVACIA,     cVACIA,     cVACIA,     cVACIA,     cVACIA,     cVACIA},
        -:   30:            {cVACIA,    cVACIA,     cVACIA,     cVACIA,     cVACIA,     cVACIA,     cVACIA,     cVACIA},
        -:   31:            {cPEON_B,   cPEON_B,    cPEON_B,    cPEON_B,    cPEON_B,    cPEON_B,    cPEON_B,    cPEON_B},
        -:   32:            {cTORRE_B,  cVACIA,     cALFIL_B,   cVACIA,     cREY_B,     cALFIL_B,   cVACIA,     cTORRE_B},
       12:   33:    };
        1:   33-block  0
call    0 returned 1
call    1 returned 1
branch  2 taken 1 (fallthrough)
branch  3 taken 0 (throw)
        1:   33-block  1
call    4 returned 1
call    5 returned 1
branch  6 taken 1 (fallthrough)
branch  7 taken 0 (throw)
        1:   33-block  2
call    8 returned 1
call    9 returned 1
branch 10 taken 1 (fallthrough)
branch 11 taken 0 (throw)
        1:   33-block  3
call   12 returned 1
call   13 returned 1
branch 14 taken 1 (fallthrough)
branch 15 taken 0 (throw)
        1:   33-block  4
call   16 returned 1
call   17 returned 1
branch 18 taken 1 (fallthrough)
branch 19 taken 0 (throw)
        1:   33-block  5
call   20 returned 1
call   21 returned 1
branch 22 taken 1 (fallthrough)
branch 23 taken 0 (throw)
        1:   33-block  6
call   24 returned 1
call   25 returned 1
branch 26 taken 1 (fallthrough)
branch 27 taken 0 (throw)
        1:   33-block  7
call   28 returned 1
call   29 returned 1
branch 30 taken 1 (fallthrough)
branch 31 taken 0 (throw)
        1:   33-block  8
call   32 returned 1
call   33 returned 1
branch 34 taken 1 (fallthrough)
branch 35 taken 0 (throw)
        8:   33-block  9
call   36 returned 8
        1:   33-block 10
call   37 returned 1
call   38 returned 1
call   39 returned 1
call   40 returned 1
call   41 returned 1
call   42 returned 1
call   43 returned 1
call   44 returned 1
call   45 returned 1
    $$$$$:   33-block 11
    $$$$$:   33-block 12
call   46 never executed
    $$$$$:   33-block 13
    $$$$$:   33-block 14
    $$$$$:   33-block 15
    $$$$$:   33-block 16
    $$$$$:   33-block 17
    $$$$$:   33-block 18
    $$$$$:   33-block 19
    $$$$$:   33-block 20
    $$$$$:   33-block 21
    $$$$$:   33-block 22
    $$$$$:   33-block 23
    $$$$$:   33-block 24
    $$$$$:   33-block 25
    $$$$$:   33-block 26
    $$$$$:   33-block 27
    $$$$$:   33-block 28
    $$$$$:   33-block 29
    $$$$$:   33-block 30
call   47 never executed
        2:   34:    posicion p = make_pair(t,BLANCO);
call    0 returned 1
branch  1 taken 1 (fallthrough)
branch  2 taken 0 (throw)
call    3 returned 1
    $$$$$:   34-block  0
    $$$$$:   34-block  1
call    4 never executed
       1*:   35:    EXPECT_FALSE(posicionInicial(p));
        1:   35-block  0
call    0 returned 1
branch  1 taken 1 (fallthrough)
branch  2 taken 0 (throw)
        1:   35-block  1
call    3 returned 1
branch  4 taken 1 (fallthrough)
branch  5 taken 0 (throw)
        1:   35-block  2
call    6 returned 1
branch  7 taken 0 (fallthrough)
branch  8 taken 1
    %%%%%:   35-block  3
call    9 never executed
branch 10 never executed
branch 11 never executed
    %%%%%:   35-block  4
call   12 never executed
branch 13 never executed
branch 14 never executed
    %%%%%:   35-block  5
call   15 never executed
call   16 never executed
branch 17 never executed
branch 18 never executed
    %%%%%:   35-block  6
call   19 never executed
branch 20 never executed
branch 21 never executed
    %%%%%:   35-block  7
call   22 never executed
call   23 never executed
call   24 never executed
        1:   35-block  8
call   25 returned 1
    $$$$$:   35-block  9
    $$$$$:   35-block 10
call   26 never executed
    $$$$$:   35-block 11
    $$$$$:   35-block 12
call   27 never executed
    $$$$$:   35-block 13
    $$$$$:   35-block 14
call   28 never executed
    $$$$$:   35-block 15
    $$$$$:   35-block 16
call   29 never executed
        1:   36:}
------------------
_ZN48posicionInicialValidaTEST_tableroInCorrecto_TestC1Ev:
function _ZN48posicionInicialValidaTEST_tableroInCorrecto_TestC1Ev called 1 returned 100% blocks executed 100%
        1:   23:TEST(posicionInicialValidaTEST, tableroInCorrecto){
        1:   23-block  0
call    0 returned 1
------------------
