        -:    0:Source:C:/Users/Lucho/Documents/GitHub/aChessImplementation/tests/ej3_casillasAtacadasTEST.cpp
        -:    0:Graph:C:\Users\Lucho\Documents\GitHub\aChessImplementation\cmake-build-debug\CMakeFiles\ajedrezLite.dir\tests\ej3_casillasAtacadasTEST.gcno
        -:    0:Data:C:\Users\Lucho\Documents\GitHub\aChessImplementation\cmake-build-debug\CMakeFiles\ajedrezLite.dir\tests\ej3_casillasAtacadasTEST.gcda
        -:    0:Runs:1
        -:    0:Programs:1
        -:    1:#include "../definiciones.h"
        -:    2:#include "../ejercicios.h"
        -:    3:#include "../auxiliares.h"
        -:    4:#include "gtest/gtest.h"
        -:    5:# include <utility>
        -:    6:
        -:    7:using namespace std;
        -:    8:
        2:    9:TEST(casillasAtacadasTEST, atacadasDelJugadorActual) {
        -:   10:	tablero t = {
        -:   11:            {cVACIA, cREY_N, cVACIA, cALFIL_N, cVACIA, cVACIA, cVACIA, cVACIA},
        -:   12:            {cVACIA, cVACIA, cVACIA, cVACIA, cVACIA, cVACIA, cVACIA, cVACIA},
        -:   13:            {cVACIA, cVACIA, cVACIA, cVACIA, cVACIA, cVACIA, cVACIA, cVACIA},
        -:   14:            {cVACIA, cVACIA, cVACIA, cVACIA, cVACIA, cVACIA, cPEON_N, cVACIA},
        -:   15:            {cVACIA, cVACIA, cVACIA, cVACIA, cVACIA, cPEON_B, cVACIA, cVACIA},
        -:   16:            {cVACIA, cVACIA, cVACIA, cVACIA, cVACIA, cVACIA, cVACIA, cVACIA},
        -:   17:            {cVACIA, cVACIA, cVACIA, cVACIA, cREY_B, cVACIA, cVACIA, cVACIA},
        -:   18:            {cVACIA, cVACIA, cVACIA, cVACIA, cVACIA, cVACIA, cVACIA, cVACIA},
       12:   19:    };
        2:   20:	posicion p = make_pair(t, BLANCO);
        -:   21:
        1:   22:	int j = BLANCO;
        -:   23:
        -:   24:	vector<coordenada> esperado = { 
        -:   25:		make_pair(6,3), make_pair(5,3), make_pair(5,4), make_pair(5,5), make_pair(6,5), make_pair(7,5), make_pair(7,4), make_pair(7,3), //Rey Blanco en (6,4)
        -:   26:		make_pair(3,4), make_pair(3,6)	//Peon Blanco en (4,5)
        2:   27:	};
        -:   28:	
        2:   29:	vector<coordenada> atacadas = casillasAtacadas(p, j);
       2*:   30:	EXPECT_EQ(ordenarVectorPares(esperado), ordenarVectorPares(atacadas));
        1:   31:}
------------------
_ZN50casillasAtacadasTEST_atacadasDelJugadorActual_Test8TestBodyEv:
function _ZN50casillasAtacadasTEST_atacadasDelJugadorActual_Test8TestBodyEv called 1 returned 100% blocks executed 37%
        1:    9:TEST(casillasAtacadasTEST, atacadasDelJugadorActual) {
        -:   10:	tablero t = {
        -:   11:            {cVACIA, cREY_N, cVACIA, cALFIL_N, cVACIA, cVACIA, cVACIA, cVACIA},
        -:   12:            {cVACIA, cVACIA, cVACIA, cVACIA, cVACIA, cVACIA, cVACIA, cVACIA},
        -:   13:            {cVACIA, cVACIA, cVACIA, cVACIA, cVACIA, cVACIA, cVACIA, cVACIA},
        -:   14:            {cVACIA, cVACIA, cVACIA, cVACIA, cVACIA, cVACIA, cPEON_N, cVACIA},
        -:   15:            {cVACIA, cVACIA, cVACIA, cVACIA, cVACIA, cPEON_B, cVACIA, cVACIA},
        -:   16:            {cVACIA, cVACIA, cVACIA, cVACIA, cVACIA, cVACIA, cVACIA, cVACIA},
        -:   17:            {cVACIA, cVACIA, cVACIA, cVACIA, cREY_B, cVACIA, cVACIA, cVACIA},
        -:   18:            {cVACIA, cVACIA, cVACIA, cVACIA, cVACIA, cVACIA, cVACIA, cVACIA},
       12:   19:    };
        1:   19-block  0
call    0 returned 1
call    1 returned 1
branch  2 taken 1 (fallthrough)
branch  3 taken 0 (throw)
        1:   19-block  1
call    4 returned 1
call    5 returned 1
branch  6 taken 1 (fallthrough)
branch  7 taken 0 (throw)
        1:   19-block  2
call    8 returned 1
call    9 returned 1
branch 10 taken 1 (fallthrough)
branch 11 taken 0 (throw)
        1:   19-block  3
call   12 returned 1
call   13 returned 1
branch 14 taken 1 (fallthrough)
branch 15 taken 0 (throw)
        1:   19-block  4
call   16 returned 1
call   17 returned 1
branch 18 taken 1 (fallthrough)
branch 19 taken 0 (throw)
        1:   19-block  5
call   20 returned 1
call   21 returned 1
branch 22 taken 1 (fallthrough)
branch 23 taken 0 (throw)
        1:   19-block  6
call   24 returned 1
call   25 returned 1
branch 26 taken 1 (fallthrough)
branch 27 taken 0 (throw)
        1:   19-block  7
call   28 returned 1
call   29 returned 1
branch 30 taken 1 (fallthrough)
branch 31 taken 0 (throw)
        1:   19-block  8
call   32 returned 1
call   33 returned 1
branch 34 taken 1 (fallthrough)
branch 35 taken 0 (throw)
        8:   19-block  9
call   36 returned 8
        1:   19-block 10
call   37 returned 1
call   38 returned 1
call   39 returned 1
call   40 returned 1
call   41 returned 1
call   42 returned 1
call   43 returned 1
call   44 returned 1
call   45 returned 1
    $$$$$:   19-block 11
    $$$$$:   19-block 12
call   46 never executed
    $$$$$:   19-block 13
    $$$$$:   19-block 14
    $$$$$:   19-block 15
    $$$$$:   19-block 16
    $$$$$:   19-block 17
    $$$$$:   19-block 18
    $$$$$:   19-block 19
    $$$$$:   19-block 20
    $$$$$:   19-block 21
    $$$$$:   19-block 22
    $$$$$:   19-block 23
    $$$$$:   19-block 24
    $$$$$:   19-block 25
    $$$$$:   19-block 26
    $$$$$:   19-block 27
    $$$$$:   19-block 28
    $$$$$:   19-block 29
    $$$$$:   19-block 30
call   47 never executed
        2:   20:	posicion p = make_pair(t, BLANCO);
call    0 returned 1
branch  1 taken 1 (fallthrough)
branch  2 taken 0 (throw)
call    3 returned 1
    $$$$$:   20-block  0
    $$$$$:   20-block  1
call    4 never executed
        -:   21:
        1:   22:	int j = BLANCO;
        -:   23:
        -:   24:	vector<coordenada> esperado = { 
        -:   25:		make_pair(6,3), make_pair(5,3), make_pair(5,4), make_pair(5,5), make_pair(6,5), make_pair(7,5), make_pair(7,4), make_pair(7,3), //Rey Blanco en (6,4)
        -:   26:		make_pair(3,4), make_pair(3,6)	//Peon Blanco en (4,5)
        2:   27:	};
        1:   27-block  0
call    0 returned 1
call    1 returned 1
branch  2 taken 1 (fallthrough)
branch  3 taken 0 (throw)
call    4 returned 1
    $$$$$:   27-block  1
    $$$$$:   27-block  2
    $$$$$:   27-block  3
call    5 never executed
        -:   28:	
        2:   29:	vector<coordenada> atacadas = casillasAtacadas(p, j);
call    0 returned 1
branch  1 taken 1 (fallthrough)
branch  2 taken 0 (throw)
call    3 returned 1
    $$$$$:   29-block  0
call    4 never executed
       2*:   30:	EXPECT_EQ(ordenarVectorPares(esperado), ordenarVectorPares(atacadas));
        1:   30-block  0
call    0 returned 1
branch  1 taken 1 (fallthrough)
branch  2 taken 0 (throw)
        1:   30-block  1
call    3 returned 1
branch  4 taken 1 (fallthrough)
branch  5 taken 0 (throw)
        1:   30-block  2
call    6 returned 1
branch  7 taken 1 (fallthrough)
branch  8 taken 0 (throw)
call    9 returned 1
call   10 returned 1
branch 11 taken 0 (fallthrough)
branch 12 taken 1
    %%%%%:   30-block  3
call   13 never executed
branch 14 never executed
branch 15 never executed
    %%%%%:   30-block  4
call   16 never executed
branch 17 never executed
branch 18 never executed
    %%%%%:   30-block  5
call   19 never executed
branch 20 never executed
branch 21 never executed
    %%%%%:   30-block  6
call   22 never executed
branch 23 never executed
branch 24 never executed
    %%%%%:   30-block  7
call   25 never executed
call   26 never executed
        1:   30-block  8
call   27 returned 1
    $$$$$:   30-block  9
    $$$$$:   30-block 10
    $$$$$:   30-block 11
call   28 never executed
    $$$$$:   30-block 12
    $$$$$:   30-block 13
call   29 never executed
    $$$$$:   30-block 14
    $$$$$:   30-block 15
call   30 never executed
        1:   31:}
------------------
_ZN50casillasAtacadasTEST_atacadasDelJugadorActual_TestC1Ev:
function _ZN50casillasAtacadasTEST_atacadasDelJugadorActual_TestC1Ev called 1 returned 100% blocks executed 100%
        1:    9:TEST(casillasAtacadasTEST, atacadasDelJugadorActual) {
        1:    9-block  0
call    0 returned 1
------------------
        -:   32:
        2:   33:TEST(casillasAtacadasTEST, atacadasDelContrincante) {
        -:   34:	tablero t = {
        -:   35:            {cVACIA, cREY_N, cVACIA, cVACIA, cVACIA, cVACIA, cVACIA, cVACIA},
        -:   36:            {cVACIA, cVACIA, cVACIA, cVACIA, cVACIA, cVACIA, cVACIA, cVACIA},
        -:   37:            {cVACIA, cVACIA, cVACIA, cVACIA, cVACIA, cVACIA, cVACIA, cVACIA},
        -:   38:            {cVACIA, cVACIA, cVACIA, cVACIA, cVACIA, cVACIA, cPEON_N, cVACIA},
        -:   39:            {cVACIA, cVACIA, cVACIA, cVACIA, cVACIA, cPEON_B, cVACIA, cVACIA},
        -:   40:            {cVACIA, cVACIA, cVACIA, cVACIA, cVACIA, cVACIA, cVACIA, cVACIA},
        -:   41:            {cVACIA, cVACIA, cVACIA, cVACIA, cREY_B, cVACIA, cVACIA, cVACIA},
        -:   42:            {cVACIA, cVACIA, cVACIA, cVACIA, cVACIA, cVACIA, cVACIA, cVACIA},
       12:   43:    };
        2:   44:	posicion p = make_pair(t, BLANCO);
        -:   45:
        1:   46:	int j = NEGRO;
        -:   47:
        -:   48:	vector<coordenada> esperado = {
        -:   49:		make_pair(0,0), make_pair(0,2), make_pair(1,0), make_pair(1,1), make_pair(1,2), //Rey Negro en (0,1)
        -:   50:		make_pair(4,5), make_pair(4,7) //Peon Negro en (3,6)
        -:   51:
        2:   52:	};
        -:   53:
        2:   54:	vector<coordenada> atacadas = casillasAtacadas(p, j);
       2*:   55:	EXPECT_EQ(ordenarVectorPares(esperado), ordenarVectorPares(atacadas));
        1:   56:}
------------------
_ZN49casillasAtacadasTEST_atacadasDelContrincante_Test8TestBodyEv:
function _ZN49casillasAtacadasTEST_atacadasDelContrincante_Test8TestBodyEv called 1 returned 100% blocks executed 37%
        1:   33:TEST(casillasAtacadasTEST, atacadasDelContrincante) {
        -:   34:	tablero t = {
        -:   35:            {cVACIA, cREY_N, cVACIA, cVACIA, cVACIA, cVACIA, cVACIA, cVACIA},
        -:   36:            {cVACIA, cVACIA, cVACIA, cVACIA, cVACIA, cVACIA, cVACIA, cVACIA},
        -:   37:            {cVACIA, cVACIA, cVACIA, cVACIA, cVACIA, cVACIA, cVACIA, cVACIA},
        -:   38:            {cVACIA, cVACIA, cVACIA, cVACIA, cVACIA, cVACIA, cPEON_N, cVACIA},
        -:   39:            {cVACIA, cVACIA, cVACIA, cVACIA, cVACIA, cPEON_B, cVACIA, cVACIA},
        -:   40:            {cVACIA, cVACIA, cVACIA, cVACIA, cVACIA, cVACIA, cVACIA, cVACIA},
        -:   41:            {cVACIA, cVACIA, cVACIA, cVACIA, cREY_B, cVACIA, cVACIA, cVACIA},
        -:   42:            {cVACIA, cVACIA, cVACIA, cVACIA, cVACIA, cVACIA, cVACIA, cVACIA},
       12:   43:    };
        1:   43-block  0
call    0 returned 1
call    1 returned 1
branch  2 taken 1 (fallthrough)
branch  3 taken 0 (throw)
        1:   43-block  1
call    4 returned 1
call    5 returned 1
branch  6 taken 1 (fallthrough)
branch  7 taken 0 (throw)
        1:   43-block  2
call    8 returned 1
call    9 returned 1
branch 10 taken 1 (fallthrough)
branch 11 taken 0 (throw)
        1:   43-block  3
call   12 returned 1
call   13 returned 1
branch 14 taken 1 (fallthrough)
branch 15 taken 0 (throw)
        1:   43-block  4
call   16 returned 1
call   17 returned 1
branch 18 taken 1 (fallthrough)
branch 19 taken 0 (throw)
        1:   43-block  5
call   20 returned 1
call   21 returned 1
branch 22 taken 1 (fallthrough)
branch 23 taken 0 (throw)
        1:   43-block  6
call   24 returned 1
call   25 returned 1
branch 26 taken 1 (fallthrough)
branch 27 taken 0 (throw)
        1:   43-block  7
call   28 returned 1
call   29 returned 1
branch 30 taken 1 (fallthrough)
branch 31 taken 0 (throw)
        1:   43-block  8
call   32 returned 1
call   33 returned 1
branch 34 taken 1 (fallthrough)
branch 35 taken 0 (throw)
        8:   43-block  9
call   36 returned 8
        1:   43-block 10
call   37 returned 1
call   38 returned 1
call   39 returned 1
call   40 returned 1
call   41 returned 1
call   42 returned 1
call   43 returned 1
call   44 returned 1
call   45 returned 1
    $$$$$:   43-block 11
    $$$$$:   43-block 12
call   46 never executed
    $$$$$:   43-block 13
    $$$$$:   43-block 14
    $$$$$:   43-block 15
    $$$$$:   43-block 16
    $$$$$:   43-block 17
    $$$$$:   43-block 18
    $$$$$:   43-block 19
    $$$$$:   43-block 20
    $$$$$:   43-block 21
    $$$$$:   43-block 22
    $$$$$:   43-block 23
    $$$$$:   43-block 24
    $$$$$:   43-block 25
    $$$$$:   43-block 26
    $$$$$:   43-block 27
    $$$$$:   43-block 28
    $$$$$:   43-block 29
    $$$$$:   43-block 30
call   47 never executed
        2:   44:	posicion p = make_pair(t, BLANCO);
call    0 returned 1
branch  1 taken 1 (fallthrough)
branch  2 taken 0 (throw)
call    3 returned 1
    $$$$$:   44-block  0
    $$$$$:   44-block  1
call    4 never executed
        -:   45:
        1:   46:	int j = NEGRO;
        -:   47:
        -:   48:	vector<coordenada> esperado = {
        -:   49:		make_pair(0,0), make_pair(0,2), make_pair(1,0), make_pair(1,1), make_pair(1,2), //Rey Negro en (0,1)
        -:   50:		make_pair(4,5), make_pair(4,7) //Peon Negro en (3,6)
        -:   51:
        2:   52:	};
        1:   52-block  0
call    0 returned 1
call    1 returned 1
branch  2 taken 1 (fallthrough)
branch  3 taken 0 (throw)
call    4 returned 1
    $$$$$:   52-block  1
    $$$$$:   52-block  2
    $$$$$:   52-block  3
call    5 never executed
        -:   53:
        2:   54:	vector<coordenada> atacadas = casillasAtacadas(p, j);
call    0 returned 1
branch  1 taken 1 (fallthrough)
branch  2 taken 0 (throw)
call    3 returned 1
    $$$$$:   54-block  0
call    4 never executed
       2*:   55:	EXPECT_EQ(ordenarVectorPares(esperado), ordenarVectorPares(atacadas));
        1:   55-block  0
call    0 returned 1
branch  1 taken 1 (fallthrough)
branch  2 taken 0 (throw)
        1:   55-block  1
call    3 returned 1
branch  4 taken 1 (fallthrough)
branch  5 taken 0 (throw)
        1:   55-block  2
call    6 returned 1
branch  7 taken 1 (fallthrough)
branch  8 taken 0 (throw)
call    9 returned 1
call   10 returned 1
branch 11 taken 0 (fallthrough)
branch 12 taken 1
    %%%%%:   55-block  3
call   13 never executed
branch 14 never executed
branch 15 never executed
    %%%%%:   55-block  4
call   16 never executed
branch 17 never executed
branch 18 never executed
    %%%%%:   55-block  5
call   19 never executed
branch 20 never executed
branch 21 never executed
    %%%%%:   55-block  6
call   22 never executed
branch 23 never executed
branch 24 never executed
    %%%%%:   55-block  7
call   25 never executed
call   26 never executed
        1:   55-block  8
call   27 returned 1
    $$$$$:   55-block  9
    $$$$$:   55-block 10
    $$$$$:   55-block 11
call   28 never executed
    $$$$$:   55-block 12
    $$$$$:   55-block 13
call   29 never executed
    $$$$$:   55-block 14
    $$$$$:   55-block 15
call   30 never executed
        1:   56:}
------------------
_ZN49casillasAtacadasTEST_atacadasDelContrincante_TestC1Ev:
function _ZN49casillasAtacadasTEST_atacadasDelContrincante_TestC1Ev called 1 returned 100% blocks executed 100%
        1:   33:TEST(casillasAtacadasTEST, atacadasDelContrincante) {
        1:   33-block  0
call    0 returned 1
------------------
