        -:    0:Source:C:/Users/Lucho/Documents/GitHub/aChessImplementation/tests/ej6_finDeLaPartidaTEST.cpp
        -:    0:Graph:C:\Users\Lucho\Documents\GitHub\aChessImplementation\cmake-build-debug\CMakeFiles\ajedrezLite.dir\tests\ej6_finDeLaPartidaTEST.gcno
        -:    0:Data:C:\Users\Lucho\Documents\GitHub\aChessImplementation\cmake-build-debug\CMakeFiles\ajedrezLite.dir\tests\ej6_finDeLaPartidaTEST.gcda
        -:    0:Runs:1
        -:    0:Programs:1
        -:    1:#include "../definiciones.h"
        -:    2:#include "../ejercicios.h"
        -:    3:#include "../auxiliares.h"
        -:    4:#include "gtest/gtest.h"
        -:    5:# include <utility>
        -:    6:
        -:    7:using namespace std;
        -:    8:
        2:    9:TEST(finDeLaPartidaTEST, partidaNoFinalizada){
        -:   10:	tablero t = {	//Tablero inicial
        -:   11:    {cTORRE_N,  cVACIA,     cALFIL_N,   cVACIA,     cREY_N,     cALFIL_N,   cVACIA,     cTORRE_N},
        -:   12:    {cPEON_N,   cPEON_N,    cPEON_N,    cPEON_N,    cPEON_N,    cPEON_N,    cPEON_N,    cPEON_N},
        -:   13:    {cVACIA,    cVACIA,     cVACIA,     cVACIA,     cVACIA,     cVACIA,     cVACIA,     cVACIA},
        -:   14:    {cVACIA,    cVACIA,     cVACIA,     cVACIA,     cVACIA,     cVACIA,     cVACIA,     cVACIA},
        -:   15:    {cVACIA,    cVACIA,     cVACIA,     cVACIA,     cVACIA,     cVACIA,     cVACIA,     cVACIA},
        -:   16:    {cVACIA,    cVACIA,     cVACIA,     cVACIA,     cVACIA,     cVACIA,     cVACIA,     cVACIA},
        -:   17:    {cPEON_B,   cPEON_B,    cPEON_B,    cPEON_B,    cPEON_B,    cPEON_B,    cPEON_B,    cPEON_B},
        -:   18:    {cTORRE_B,  cVACIA,     cALFIL_B,   cVACIA,     cREY_B,     cALFIL_B,   cVACIA,     cTORRE_B},
       12:   19:    };
        2:   20:    posicion p = make_pair(t,BLANCO);
        -:   21:    int j;
        -:   22:
       1*:   23:    EXPECT_FALSE(finDeLaPartida(p,j));
        1:   24:}
------------------
_ZN43finDeLaPartidaTEST_partidaNoFinalizada_Test8TestBodyEv:
function _ZN43finDeLaPartidaTEST_partidaNoFinalizada_Test8TestBodyEv called 1 returned 100% blocks executed 34%
        1:    9:TEST(finDeLaPartidaTEST, partidaNoFinalizada){
        -:   10:	tablero t = {	//Tablero inicial
        -:   11:    {cTORRE_N,  cVACIA,     cALFIL_N,   cVACIA,     cREY_N,     cALFIL_N,   cVACIA,     cTORRE_N},
        -:   12:    {cPEON_N,   cPEON_N,    cPEON_N,    cPEON_N,    cPEON_N,    cPEON_N,    cPEON_N,    cPEON_N},
        -:   13:    {cVACIA,    cVACIA,     cVACIA,     cVACIA,     cVACIA,     cVACIA,     cVACIA,     cVACIA},
        -:   14:    {cVACIA,    cVACIA,     cVACIA,     cVACIA,     cVACIA,     cVACIA,     cVACIA,     cVACIA},
        -:   15:    {cVACIA,    cVACIA,     cVACIA,     cVACIA,     cVACIA,     cVACIA,     cVACIA,     cVACIA},
        -:   16:    {cVACIA,    cVACIA,     cVACIA,     cVACIA,     cVACIA,     cVACIA,     cVACIA,     cVACIA},
        -:   17:    {cPEON_B,   cPEON_B,    cPEON_B,    cPEON_B,    cPEON_B,    cPEON_B,    cPEON_B,    cPEON_B},
        -:   18:    {cTORRE_B,  cVACIA,     cALFIL_B,   cVACIA,     cREY_B,     cALFIL_B,   cVACIA,     cTORRE_B},
       12:   19:    };
        1:   19-block  0
call    0 returned 1
call    1 returned 1
branch  2 taken 1 (fallthrough)
branch  3 taken 0 (throw)
        1:   19-block  1
call    4 returned 1
call    5 returned 1
branch  6 taken 1 (fallthrough)
branch  7 taken 0 (throw)
        1:   19-block  2
call    8 returned 1
call    9 returned 1
branch 10 taken 1 (fallthrough)
branch 11 taken 0 (throw)
        1:   19-block  3
call   12 returned 1
call   13 returned 1
branch 14 taken 1 (fallthrough)
branch 15 taken 0 (throw)
        1:   19-block  4
call   16 returned 1
call   17 returned 1
branch 18 taken 1 (fallthrough)
branch 19 taken 0 (throw)
        1:   19-block  5
call   20 returned 1
call   21 returned 1
branch 22 taken 1 (fallthrough)
branch 23 taken 0 (throw)
        1:   19-block  6
call   24 returned 1
call   25 returned 1
branch 26 taken 1 (fallthrough)
branch 27 taken 0 (throw)
        1:   19-block  7
call   28 returned 1
call   29 returned 1
branch 30 taken 1 (fallthrough)
branch 31 taken 0 (throw)
        1:   19-block  8
call   32 returned 1
call   33 returned 1
branch 34 taken 1 (fallthrough)
branch 35 taken 0 (throw)
        8:   19-block  9
call   36 returned 8
        1:   19-block 10
call   37 returned 1
call   38 returned 1
call   39 returned 1
call   40 returned 1
call   41 returned 1
call   42 returned 1
call   43 returned 1
call   44 returned 1
call   45 returned 1
    $$$$$:   19-block 11
    $$$$$:   19-block 12
call   46 never executed
    $$$$$:   19-block 13
    $$$$$:   19-block 14
    $$$$$:   19-block 15
    $$$$$:   19-block 16
    $$$$$:   19-block 17
    $$$$$:   19-block 18
    $$$$$:   19-block 19
    $$$$$:   19-block 20
    $$$$$:   19-block 21
    $$$$$:   19-block 22
    $$$$$:   19-block 23
    $$$$$:   19-block 24
    $$$$$:   19-block 25
    $$$$$:   19-block 26
    $$$$$:   19-block 27
    $$$$$:   19-block 28
    $$$$$:   19-block 29
    $$$$$:   19-block 30
call   47 never executed
        2:   20:    posicion p = make_pair(t,BLANCO);
call    0 returned 1
branch  1 taken 1 (fallthrough)
branch  2 taken 0 (throw)
call    3 returned 1
    $$$$$:   20-block  0
    $$$$$:   20-block  1
call    4 never executed
        -:   21:    int j;
        -:   22:
       1*:   23:    EXPECT_FALSE(finDeLaPartida(p,j));
        1:   23-block  0
call    0 returned 1
branch  1 taken 1 (fallthrough)
branch  2 taken 0 (throw)
        1:   23-block  1
call    3 returned 1
branch  4 taken 1 (fallthrough)
branch  5 taken 0 (throw)
        1:   23-block  2
call    6 returned 1
branch  7 taken 0 (fallthrough)
branch  8 taken 1
    %%%%%:   23-block  3
call    9 never executed
branch 10 never executed
branch 11 never executed
    %%%%%:   23-block  4
call   12 never executed
branch 13 never executed
branch 14 never executed
    %%%%%:   23-block  5
call   15 never executed
call   16 never executed
branch 17 never executed
branch 18 never executed
    %%%%%:   23-block  6
call   19 never executed
branch 20 never executed
branch 21 never executed
    %%%%%:   23-block  7
call   22 never executed
call   23 never executed
call   24 never executed
        1:   23-block  8
call   25 returned 1
    $$$$$:   23-block  9
    $$$$$:   23-block 10
call   26 never executed
    $$$$$:   23-block 11
    $$$$$:   23-block 12
call   27 never executed
    $$$$$:   23-block 13
    $$$$$:   23-block 14
call   28 never executed
    $$$$$:   23-block 15
    $$$$$:   23-block 16
call   29 never executed
        1:   24:}
------------------
_ZN43finDeLaPartidaTEST_partidaNoFinalizada_TestC1Ev:
function _ZN43finDeLaPartidaTEST_partidaNoFinalizada_TestC1Ev called 1 returned 100% blocks executed 100%
        1:    9:TEST(finDeLaPartidaTEST, partidaNoFinalizada){
        1:    9-block  0
call    0 returned 1
------------------
        -:   25:
        2:   26:TEST(finDeLaPartidaTEST, jaqueMate){
        -:   27:	tablero t = {	// Figura 4a del enunciado del TPE
        -:   28:            {cVACIA, cVACIA, cVACIA, cVACIA, cTORRE_B, cVACIA, cVACIA, cREY_N},
        -:   29:            {cVACIA, cVACIA, cVACIA, cVACIA, cVACIA, cVACIA, cPEON_N, cPEON_N},
        -:   30:            {cVACIA, cVACIA, cVACIA, cVACIA, cVACIA, cPEON_N, cVACIA, cVACIA},
        -:   31:            {cVACIA, cVACIA, cVACIA, cVACIA, cVACIA, cVACIA, cVACIA, cVACIA},
        -:   32:            {cVACIA, cVACIA, cVACIA, cVACIA, cVACIA, cVACIA, cVACIA, cVACIA},
        -:   33:            {cVACIA, cVACIA, cVACIA, cVACIA, cVACIA, cVACIA, cVACIA, cVACIA},
        -:   34:            {cVACIA, cVACIA, cVACIA, cVACIA, cVACIA, cVACIA, cVACIA, cVACIA},
        -:   35:            {cVACIA, cVACIA, cVACIA, cREY_B, cVACIA, cVACIA, cVACIA, cVACIA},
       12:   36:    };
        2:   37:    posicion p = make_pair(t,NEGRO);
        -:   38:    int j;
        -:   39:
       1*:   40:    EXPECT_TRUE(finDeLaPartida(p,j));
       1*:   41:    EXPECT_EQ(j, BLANCO);
        1:   42:}
------------------
_ZN33finDeLaPartidaTEST_jaqueMate_Test8TestBodyEv:
function _ZN33finDeLaPartidaTEST_jaqueMate_Test8TestBodyEv called 1 returned 100% blocks executed 32%
        1:   26:TEST(finDeLaPartidaTEST, jaqueMate){
        -:   27:	tablero t = {	// Figura 4a del enunciado del TPE
        -:   28:            {cVACIA, cVACIA, cVACIA, cVACIA, cTORRE_B, cVACIA, cVACIA, cREY_N},
        -:   29:            {cVACIA, cVACIA, cVACIA, cVACIA, cVACIA, cVACIA, cPEON_N, cPEON_N},
        -:   30:            {cVACIA, cVACIA, cVACIA, cVACIA, cVACIA, cPEON_N, cVACIA, cVACIA},
        -:   31:            {cVACIA, cVACIA, cVACIA, cVACIA, cVACIA, cVACIA, cVACIA, cVACIA},
        -:   32:            {cVACIA, cVACIA, cVACIA, cVACIA, cVACIA, cVACIA, cVACIA, cVACIA},
        -:   33:            {cVACIA, cVACIA, cVACIA, cVACIA, cVACIA, cVACIA, cVACIA, cVACIA},
        -:   34:            {cVACIA, cVACIA, cVACIA, cVACIA, cVACIA, cVACIA, cVACIA, cVACIA},
        -:   35:            {cVACIA, cVACIA, cVACIA, cREY_B, cVACIA, cVACIA, cVACIA, cVACIA},
       12:   36:    };
        1:   36-block  0
call    0 returned 1
call    1 returned 1
branch  2 taken 1 (fallthrough)
branch  3 taken 0 (throw)
        1:   36-block  1
call    4 returned 1
call    5 returned 1
branch  6 taken 1 (fallthrough)
branch  7 taken 0 (throw)
        1:   36-block  2
call    8 returned 1
call    9 returned 1
branch 10 taken 1 (fallthrough)
branch 11 taken 0 (throw)
        1:   36-block  3
call   12 returned 1
call   13 returned 1
branch 14 taken 1 (fallthrough)
branch 15 taken 0 (throw)
        1:   36-block  4
call   16 returned 1
call   17 returned 1
branch 18 taken 1 (fallthrough)
branch 19 taken 0 (throw)
        1:   36-block  5
call   20 returned 1
call   21 returned 1
branch 22 taken 1 (fallthrough)
branch 23 taken 0 (throw)
        1:   36-block  6
call   24 returned 1
call   25 returned 1
branch 26 taken 1 (fallthrough)
branch 27 taken 0 (throw)
        1:   36-block  7
call   28 returned 1
call   29 returned 1
branch 30 taken 1 (fallthrough)
branch 31 taken 0 (throw)
        1:   36-block  8
call   32 returned 1
call   33 returned 1
branch 34 taken 1 (fallthrough)
branch 35 taken 0 (throw)
        8:   36-block  9
call   36 returned 8
        1:   36-block 10
call   37 returned 1
call   38 returned 1
call   39 returned 1
call   40 returned 1
call   41 returned 1
call   42 returned 1
call   43 returned 1
call   44 returned 1
call   45 returned 1
    $$$$$:   36-block 11
    $$$$$:   36-block 12
call   46 never executed
    $$$$$:   36-block 13
    $$$$$:   36-block 14
    $$$$$:   36-block 15
    $$$$$:   36-block 16
    $$$$$:   36-block 17
    $$$$$:   36-block 18
    $$$$$:   36-block 19
    $$$$$:   36-block 20
    $$$$$:   36-block 21
    $$$$$:   36-block 22
    $$$$$:   36-block 23
    $$$$$:   36-block 24
    $$$$$:   36-block 25
    $$$$$:   36-block 26
    $$$$$:   36-block 27
    $$$$$:   36-block 28
    $$$$$:   36-block 29
    $$$$$:   36-block 30
call   47 never executed
        2:   37:    posicion p = make_pair(t,NEGRO);
call    0 returned 1
branch  1 taken 1 (fallthrough)
branch  2 taken 0 (throw)
call    3 returned 1
    $$$$$:   37-block  0
    $$$$$:   37-block  1
call    4 never executed
        -:   38:    int j;
        -:   39:
       1*:   40:    EXPECT_TRUE(finDeLaPartida(p,j));
        1:   40-block  0
call    0 returned 1
branch  1 taken 1 (fallthrough)
branch  2 taken 0 (throw)
        1:   40-block  1
call    3 returned 1
branch  4 taken 1 (fallthrough)
branch  5 taken 0 (throw)
        1:   40-block  2
call    6 returned 1
branch  7 taken 0 (fallthrough)
branch  8 taken 1
    %%%%%:   40-block  3
call    9 never executed
branch 10 never executed
branch 11 never executed
    %%%%%:   40-block  4
call   12 never executed
branch 13 never executed
branch 14 never executed
    %%%%%:   40-block  5
call   15 never executed
call   16 never executed
branch 17 never executed
branch 18 never executed
    %%%%%:   40-block  6
call   19 never executed
branch 20 never executed
branch 21 never executed
    %%%%%:   40-block  7
call   22 never executed
call   23 never executed
call   24 never executed
        1:   40-block  8
call   25 returned 1
    $$$$$:   40-block  9
    $$$$$:   40-block 10
call   26 never executed
    $$$$$:   40-block 11
    $$$$$:   40-block 12
call   27 never executed
    $$$$$:   40-block 13
    $$$$$:   40-block 14
call   28 never executed
    $$$$$:   40-block 15
    $$$$$:   40-block 16
call   29 never executed
       1*:   41:    EXPECT_EQ(j, BLANCO);
call    0 returned 1
branch  1 taken 1 (fallthrough)
branch  2 taken 0 (throw)
        1:   41-block  0
call    3 returned 1
branch  4 taken 0 (fallthrough)
branch  5 taken 1
    %%%%%:   41-block  1
call    6 never executed
branch  7 never executed
branch  8 never executed
    %%%%%:   41-block  2
call    9 never executed
branch 10 never executed
branch 11 never executed
    %%%%%:   41-block  3
call   12 never executed
branch 13 never executed
branch 14 never executed
    %%%%%:   41-block  4
call   15 never executed
branch 16 never executed
branch 17 never executed
    %%%%%:   41-block  5
call   18 never executed
call   19 never executed
        1:   41-block  6
call   20 returned 1
    $$$$$:   41-block  7
    $$$$$:   41-block  8
call   21 never executed
    $$$$$:   41-block  9
    $$$$$:   41-block 10
call   22 never executed
    $$$$$:   41-block 11
    $$$$$:   41-block 12
call   23 never executed
        1:   42:}
------------------
_ZN33finDeLaPartidaTEST_jaqueMate_TestC1Ev:
function _ZN33finDeLaPartidaTEST_jaqueMate_TestC1Ev called 1 returned 100% blocks executed 100%
        1:   26:TEST(finDeLaPartidaTEST, jaqueMate){
        1:   26-block  0
call    0 returned 1
------------------
        -:   43:
        2:   44:TEST(finDeLaPartidaTEST, tableroSoloReyes){
        -:   45:    tablero t = {
        -:   46:            {cVACIA, cVACIA, cVACIA, cVACIA, cVACIA, cVACIA, cVACIA, cVACIA},
        -:   47:            {cVACIA, cVACIA, cVACIA, cREY_B, cVACIA, cVACIA, cVACIA, cVACIA},
        -:   48:            {cVACIA, cVACIA, cVACIA, cVACIA, cVACIA, cVACIA, cVACIA, cVACIA},
        -:   49:            {cVACIA, cVACIA, cVACIA, cVACIA, cVACIA, cVACIA, cVACIA, cVACIA},
        -:   50:            {cVACIA, cREY_N, cVACIA, cVACIA, cVACIA, cVACIA, cVACIA, cVACIA},
        -:   51:            {cVACIA, cVACIA, cVACIA, cVACIA, cVACIA, cVACIA, cVACIA, cVACIA},
        -:   52:            {cVACIA, cVACIA, cVACIA, cVACIA, cVACIA, cVACIA, cVACIA, cVACIA},
        -:   53:            {cVACIA, cVACIA, cVACIA, cVACIA, cVACIA, cVACIA, cVACIA, cVACIA},
       12:   54:    };
        2:   55:    posicion p = make_pair(t,NEGRO);
        -:   56:    int j;
        -:   57:
       1*:   58:    EXPECT_TRUE(finDeLaPartida(p,j));
       1*:   59:    EXPECT_EQ(j, 0);
        1:   60:}
------------------
_ZN40finDeLaPartidaTEST_tableroSoloReyes_Test8TestBodyEv:
function _ZN40finDeLaPartidaTEST_tableroSoloReyes_Test8TestBodyEv called 1 returned 100% blocks executed 32%
        1:   44:TEST(finDeLaPartidaTEST, tableroSoloReyes){
        -:   45:    tablero t = {
        -:   46:            {cVACIA, cVACIA, cVACIA, cVACIA, cVACIA, cVACIA, cVACIA, cVACIA},
        -:   47:            {cVACIA, cVACIA, cVACIA, cREY_B, cVACIA, cVACIA, cVACIA, cVACIA},
        -:   48:            {cVACIA, cVACIA, cVACIA, cVACIA, cVACIA, cVACIA, cVACIA, cVACIA},
        -:   49:            {cVACIA, cVACIA, cVACIA, cVACIA, cVACIA, cVACIA, cVACIA, cVACIA},
        -:   50:            {cVACIA, cREY_N, cVACIA, cVACIA, cVACIA, cVACIA, cVACIA, cVACIA},
        -:   51:            {cVACIA, cVACIA, cVACIA, cVACIA, cVACIA, cVACIA, cVACIA, cVACIA},
        -:   52:            {cVACIA, cVACIA, cVACIA, cVACIA, cVACIA, cVACIA, cVACIA, cVACIA},
        -:   53:            {cVACIA, cVACIA, cVACIA, cVACIA, cVACIA, cVACIA, cVACIA, cVACIA},
       12:   54:    };
        1:   54-block  0
call    0 returned 1
call    1 returned 1
branch  2 taken 1 (fallthrough)
branch  3 taken 0 (throw)
        1:   54-block  1
call    4 returned 1
call    5 returned 1
branch  6 taken 1 (fallthrough)
branch  7 taken 0 (throw)
        1:   54-block  2
call    8 returned 1
call    9 returned 1
branch 10 taken 1 (fallthrough)
branch 11 taken 0 (throw)
        1:   54-block  3
call   12 returned 1
call   13 returned 1
branch 14 taken 1 (fallthrough)
branch 15 taken 0 (throw)
        1:   54-block  4
call   16 returned 1
call   17 returned 1
branch 18 taken 1 (fallthrough)
branch 19 taken 0 (throw)
        1:   54-block  5
call   20 returned 1
call   21 returned 1
branch 22 taken 1 (fallthrough)
branch 23 taken 0 (throw)
        1:   54-block  6
call   24 returned 1
call   25 returned 1
branch 26 taken 1 (fallthrough)
branch 27 taken 0 (throw)
        1:   54-block  7
call   28 returned 1
call   29 returned 1
branch 30 taken 1 (fallthrough)
branch 31 taken 0 (throw)
        1:   54-block  8
call   32 returned 1
call   33 returned 1
branch 34 taken 1 (fallthrough)
branch 35 taken 0 (throw)
        8:   54-block  9
call   36 returned 8
        1:   54-block 10
call   37 returned 1
call   38 returned 1
call   39 returned 1
call   40 returned 1
call   41 returned 1
call   42 returned 1
call   43 returned 1
call   44 returned 1
call   45 returned 1
    $$$$$:   54-block 11
    $$$$$:   54-block 12
call   46 never executed
    $$$$$:   54-block 13
    $$$$$:   54-block 14
    $$$$$:   54-block 15
    $$$$$:   54-block 16
    $$$$$:   54-block 17
    $$$$$:   54-block 18
    $$$$$:   54-block 19
    $$$$$:   54-block 20
    $$$$$:   54-block 21
    $$$$$:   54-block 22
    $$$$$:   54-block 23
    $$$$$:   54-block 24
    $$$$$:   54-block 25
    $$$$$:   54-block 26
    $$$$$:   54-block 27
    $$$$$:   54-block 28
    $$$$$:   54-block 29
    $$$$$:   54-block 30
call   47 never executed
        2:   55:    posicion p = make_pair(t,NEGRO);
call    0 returned 1
branch  1 taken 1 (fallthrough)
branch  2 taken 0 (throw)
call    3 returned 1
    $$$$$:   55-block  0
    $$$$$:   55-block  1
call    4 never executed
        -:   56:    int j;
        -:   57:
       1*:   58:    EXPECT_TRUE(finDeLaPartida(p,j));
        1:   58-block  0
call    0 returned 1
branch  1 taken 1 (fallthrough)
branch  2 taken 0 (throw)
        1:   58-block  1
call    3 returned 1
branch  4 taken 1 (fallthrough)
branch  5 taken 0 (throw)
        1:   58-block  2
call    6 returned 1
branch  7 taken 0 (fallthrough)
branch  8 taken 1
    %%%%%:   58-block  3
call    9 never executed
branch 10 never executed
branch 11 never executed
    %%%%%:   58-block  4
call   12 never executed
branch 13 never executed
branch 14 never executed
    %%%%%:   58-block  5
call   15 never executed
call   16 never executed
branch 17 never executed
branch 18 never executed
    %%%%%:   58-block  6
call   19 never executed
branch 20 never executed
branch 21 never executed
    %%%%%:   58-block  7
call   22 never executed
call   23 never executed
call   24 never executed
        1:   58-block  8
call   25 returned 1
    $$$$$:   58-block  9
    $$$$$:   58-block 10
call   26 never executed
    $$$$$:   58-block 11
    $$$$$:   58-block 12
call   27 never executed
    $$$$$:   58-block 13
    $$$$$:   58-block 14
call   28 never executed
    $$$$$:   58-block 15
    $$$$$:   58-block 16
call   29 never executed
       1*:   59:    EXPECT_EQ(j, 0);
call    0 returned 1
branch  1 taken 1 (fallthrough)
branch  2 taken 0 (throw)
        1:   59-block  0
call    3 returned 1
branch  4 taken 0 (fallthrough)
branch  5 taken 1
    %%%%%:   59-block  1
call    6 never executed
branch  7 never executed
branch  8 never executed
    %%%%%:   59-block  2
call    9 never executed
branch 10 never executed
branch 11 never executed
    %%%%%:   59-block  3
call   12 never executed
branch 13 never executed
branch 14 never executed
    %%%%%:   59-block  4
call   15 never executed
branch 16 never executed
branch 17 never executed
    %%%%%:   59-block  5
call   18 never executed
call   19 never executed
        1:   59-block  6
call   20 returned 1
    $$$$$:   59-block  7
    $$$$$:   59-block  8
call   21 never executed
    $$$$$:   59-block  9
    $$$$$:   59-block 10
call   22 never executed
    $$$$$:   59-block 11
    $$$$$:   59-block 12
call   23 never executed
        1:   60:}
------------------
_ZN40finDeLaPartidaTEST_tableroSoloReyes_TestC1Ev:
function _ZN40finDeLaPartidaTEST_tableroSoloReyes_TestC1Ev called 1 returned 100% blocks executed 100%
        1:   44:TEST(finDeLaPartidaTEST, tableroSoloReyes){
        1:   44-block  0
call    0 returned 1
------------------
