        -:    0:Source:C:/Users/Lucho/Documents/GitHub/aChessImplementation/tests/ej7_hayJaqueDescubiertoTEST.cpp
        -:    0:Graph:C:\Users\Lucho\Documents\GitHub\aChessImplementation\cmake-build-debug\CMakeFiles\ajedrezLite.dir\tests\ej7_hayJaqueDescubiertoTEST.gcno
        -:    0:Data:C:\Users\Lucho\Documents\GitHub\aChessImplementation\cmake-build-debug\CMakeFiles\ajedrezLite.dir\tests\ej7_hayJaqueDescubiertoTEST.gcda
        -:    0:Runs:1
        -:    0:Programs:1
        -:    1:#include "../definiciones.h"
        -:    2:#include "../ejercicios.h"
        -:    3:#include "../auxiliares.h"
        -:    4:#include "gtest/gtest.h"
        -:    5:# include <utility>
        -:    6:
        -:    7:using namespace std;
        -:    8:
        -:    9:/*TEST(hayJaqueDescubiertoTEST, ) {
        -:   10:	tablero t = {
        -:   11:            {cVACIA, cREY_N, cVACIA, cALFIL_N, cVACIA, cVACIA, cVACIA, cVACIA},
        -:   12:            {cVACIA, cVACIA, cVACIA, cVACIA, cVACIA, cVACIA, cVACIA, cVACIA},
        -:   13:            {cVACIA, cVACIA, cVACIA, cVACIA, cVACIA, cVACIA, cVACIA, cVACIA},
        -:   14:            {cVACIA, cVACIA, cVACIA, cVACIA, cVACIA, cVACIA, cPEON_N, cVACIA},
        -:   15:            {cVACIA, cVACIA, cVACIA, cVACIA, cVACIA, cPEON_B, cVACIA, cVACIA},
        -:   16:            {cVACIA, cVACIA, cVACIA, cVACIA, cVACIA, cVACIA, cVACIA, cVACIA},
        -:   17:            {cVACIA, cVACIA, cVACIA, cVACIA, cREY_B, cVACIA, cVACIA, cVACIA},
        -:   18:            {cVACIA, cVACIA, cVACIA, cVACIA, cVACIA, cVACIA, cVACIA, cVACIA},
        -:   19:    };
        -:   20:	posicion p = make_pair(t, BLANCO);
        -:   21:
        -:   22:	EXPECT_TRUE(hayJaqueDescubierto(p));
        -:   23:}*/
        2:   24:TEST(hayJaqueDescubiertoTEST, noHayJaque) {
        -:   25:	tablero t = {	// Tablero Inicial
        -:   26:	    {cTORRE_N,  cVACIA,     cALFIL_N,   cVACIA,     cREY_N,     cALFIL_N,   cVACIA,     cTORRE_N},
        -:   27:	    {cPEON_N,   cPEON_N,    cPEON_N,    cPEON_N,    cPEON_N,    cPEON_N,    cPEON_N,    cPEON_N},
        -:   28:	    {cVACIA,    cVACIA,     cVACIA,     cVACIA,     cVACIA,     cVACIA,     cVACIA,     cVACIA},
        -:   29:	    {cVACIA,    cVACIA,     cVACIA,     cVACIA,     cVACIA,     cVACIA,     cVACIA,     cVACIA},
        -:   30:	    {cVACIA,    cVACIA,     cVACIA,     cVACIA,     cVACIA,     cVACIA,     cVACIA,     cVACIA},
        -:   31:	    {cVACIA,    cVACIA,     cVACIA,     cVACIA,     cVACIA,     cVACIA,     cVACIA,     cVACIA},
        -:   32:	    {cPEON_B,   cPEON_B,    cPEON_B,    cPEON_B,    cPEON_B,    cPEON_B,    cPEON_B,    cPEON_B},
        -:   33:	    {cTORRE_B,  cVACIA,     cALFIL_B,   cVACIA,     cREY_B,     cALFIL_B,   cVACIA,     cTORRE_B},
       12:   34:    };
        2:   35:	posicion p = make_pair(t, BLANCO);
        -:   36:
       1*:   37:	EXPECT_FALSE(hayJaqueDescubierto(p));
        1:   38:}
------------------
_ZN39hayJaqueDescubiertoTEST_noHayJaque_Test8TestBodyEv:
function _ZN39hayJaqueDescubiertoTEST_noHayJaque_Test8TestBodyEv called 1 returned 100% blocks executed 34%
        1:   24:TEST(hayJaqueDescubiertoTEST, noHayJaque) {
        -:   25:	tablero t = {	// Tablero Inicial
        -:   26:	    {cTORRE_N,  cVACIA,     cALFIL_N,   cVACIA,     cREY_N,     cALFIL_N,   cVACIA,     cTORRE_N},
        -:   27:	    {cPEON_N,   cPEON_N,    cPEON_N,    cPEON_N,    cPEON_N,    cPEON_N,    cPEON_N,    cPEON_N},
        -:   28:	    {cVACIA,    cVACIA,     cVACIA,     cVACIA,     cVACIA,     cVACIA,     cVACIA,     cVACIA},
        -:   29:	    {cVACIA,    cVACIA,     cVACIA,     cVACIA,     cVACIA,     cVACIA,     cVACIA,     cVACIA},
        -:   30:	    {cVACIA,    cVACIA,     cVACIA,     cVACIA,     cVACIA,     cVACIA,     cVACIA,     cVACIA},
        -:   31:	    {cVACIA,    cVACIA,     cVACIA,     cVACIA,     cVACIA,     cVACIA,     cVACIA,     cVACIA},
        -:   32:	    {cPEON_B,   cPEON_B,    cPEON_B,    cPEON_B,    cPEON_B,    cPEON_B,    cPEON_B,    cPEON_B},
        -:   33:	    {cTORRE_B,  cVACIA,     cALFIL_B,   cVACIA,     cREY_B,     cALFIL_B,   cVACIA,     cTORRE_B},
       12:   34:    };
        1:   34-block  0
call    0 returned 1
call    1 returned 1
branch  2 taken 1 (fallthrough)
branch  3 taken 0 (throw)
        1:   34-block  1
call    4 returned 1
call    5 returned 1
branch  6 taken 1 (fallthrough)
branch  7 taken 0 (throw)
        1:   34-block  2
call    8 returned 1
call    9 returned 1
branch 10 taken 1 (fallthrough)
branch 11 taken 0 (throw)
        1:   34-block  3
call   12 returned 1
call   13 returned 1
branch 14 taken 1 (fallthrough)
branch 15 taken 0 (throw)
        1:   34-block  4
call   16 returned 1
call   17 returned 1
branch 18 taken 1 (fallthrough)
branch 19 taken 0 (throw)
        1:   34-block  5
call   20 returned 1
call   21 returned 1
branch 22 taken 1 (fallthrough)
branch 23 taken 0 (throw)
        1:   34-block  6
call   24 returned 1
call   25 returned 1
branch 26 taken 1 (fallthrough)
branch 27 taken 0 (throw)
        1:   34-block  7
call   28 returned 1
call   29 returned 1
branch 30 taken 1 (fallthrough)
branch 31 taken 0 (throw)
        1:   34-block  8
call   32 returned 1
call   33 returned 1
branch 34 taken 1 (fallthrough)
branch 35 taken 0 (throw)
        8:   34-block  9
call   36 returned 8
        1:   34-block 10
call   37 returned 1
call   38 returned 1
call   39 returned 1
call   40 returned 1
call   41 returned 1
call   42 returned 1
call   43 returned 1
call   44 returned 1
call   45 returned 1
    $$$$$:   34-block 11
    $$$$$:   34-block 12
call   46 never executed
    $$$$$:   34-block 13
    $$$$$:   34-block 14
    $$$$$:   34-block 15
    $$$$$:   34-block 16
    $$$$$:   34-block 17
    $$$$$:   34-block 18
    $$$$$:   34-block 19
    $$$$$:   34-block 20
    $$$$$:   34-block 21
    $$$$$:   34-block 22
    $$$$$:   34-block 23
    $$$$$:   34-block 24
    $$$$$:   34-block 25
    $$$$$:   34-block 26
    $$$$$:   34-block 27
    $$$$$:   34-block 28
    $$$$$:   34-block 29
    $$$$$:   34-block 30
call   47 never executed
        2:   35:	posicion p = make_pair(t, BLANCO);
call    0 returned 1
branch  1 taken 1 (fallthrough)
branch  2 taken 0 (throw)
call    3 returned 1
    $$$$$:   35-block  0
    $$$$$:   35-block  1
call    4 never executed
        -:   36:
       1*:   37:	EXPECT_FALSE(hayJaqueDescubierto(p));
        1:   37-block  0
call    0 returned 1
branch  1 taken 1 (fallthrough)
branch  2 taken 0 (throw)
        1:   37-block  1
call    3 returned 1
branch  4 taken 1 (fallthrough)
branch  5 taken 0 (throw)
        1:   37-block  2
call    6 returned 1
branch  7 taken 0 (fallthrough)
branch  8 taken 1
    %%%%%:   37-block  3
call    9 never executed
branch 10 never executed
branch 11 never executed
    %%%%%:   37-block  4
call   12 never executed
branch 13 never executed
branch 14 never executed
    %%%%%:   37-block  5
call   15 never executed
call   16 never executed
branch 17 never executed
branch 18 never executed
    %%%%%:   37-block  6
call   19 never executed
branch 20 never executed
branch 21 never executed
    %%%%%:   37-block  7
call   22 never executed
call   23 never executed
call   24 never executed
        1:   37-block  8
call   25 returned 1
    $$$$$:   37-block  9
    $$$$$:   37-block 10
call   26 never executed
    $$$$$:   37-block 11
    $$$$$:   37-block 12
call   27 never executed
    $$$$$:   37-block 13
    $$$$$:   37-block 14
call   28 never executed
    $$$$$:   37-block 15
    $$$$$:   37-block 16
call   29 never executed
        1:   38:}
------------------
_ZN39hayJaqueDescubiertoTEST_noHayJaque_TestC1Ev:
function _ZN39hayJaqueDescubiertoTEST_noHayJaque_TestC1Ev called 1 returned 100% blocks executed 100%
        1:   24:TEST(hayJaqueDescubiertoTEST, noHayJaque) {
        1:   24-block  0
call    0 returned 1
------------------
        -:   39:
        2:   40:TEST(hayJaqueDescubiertoTEST, jaqueDescubierto) {
        -:   41:	tablero t = {	// Figura del ej15 del enunciado del TPE
        -:   42:            {cVACIA, cVACIA, cVACIA, cVACIA, cVACIA, cVACIA, cVACIA, cREY_N},
        -:   43:            {cVACIA, cVACIA, cVACIA, cVACIA, cVACIA, cVACIA, cVACIA, cPEON_N},
        -:   44:            {cVACIA, cVACIA, cVACIA, cVACIA, cVACIA, cVACIA, cVACIA, cPEON_B},
        -:   45:            {cVACIA, cVACIA, cVACIA, cVACIA, cPEON_B, cVACIA, cVACIA, cVACIA},
        -:   46:            {cVACIA, cVACIA, cVACIA, cALFIL_B, cVACIA, cVACIA, cVACIA, cVACIA},
        -:   47:            {cVACIA, cVACIA, cVACIA, cVACIA, cVACIA, cVACIA, cVACIA, cVACIA},
        -:   48:            {cVACIA, cVACIA, cVACIA, cVACIA, cVACIA, cVACIA, cVACIA, cVACIA},
        -:   49:            {cVACIA, cVACIA, cVACIA, cREY_B, cVACIA, cVACIA, cVACIA, cVACIA},
       12:   50:    };
        2:   51:	posicion p = make_pair(t, BLANCO);
        -:   52:
       1*:   53:	EXPECT_TRUE(hayJaqueDescubierto(p));
        1:   54:}
------------------
_ZN45hayJaqueDescubiertoTEST_jaqueDescubierto_Test8TestBodyEv:
function _ZN45hayJaqueDescubiertoTEST_jaqueDescubierto_Test8TestBodyEv called 1 returned 100% blocks executed 34%
        1:   40:TEST(hayJaqueDescubiertoTEST, jaqueDescubierto) {
        -:   41:	tablero t = {	// Figura del ej15 del enunciado del TPE
        -:   42:            {cVACIA, cVACIA, cVACIA, cVACIA, cVACIA, cVACIA, cVACIA, cREY_N},
        -:   43:            {cVACIA, cVACIA, cVACIA, cVACIA, cVACIA, cVACIA, cVACIA, cPEON_N},
        -:   44:            {cVACIA, cVACIA, cVACIA, cVACIA, cVACIA, cVACIA, cVACIA, cPEON_B},
        -:   45:            {cVACIA, cVACIA, cVACIA, cVACIA, cPEON_B, cVACIA, cVACIA, cVACIA},
        -:   46:            {cVACIA, cVACIA, cVACIA, cALFIL_B, cVACIA, cVACIA, cVACIA, cVACIA},
        -:   47:            {cVACIA, cVACIA, cVACIA, cVACIA, cVACIA, cVACIA, cVACIA, cVACIA},
        -:   48:            {cVACIA, cVACIA, cVACIA, cVACIA, cVACIA, cVACIA, cVACIA, cVACIA},
        -:   49:            {cVACIA, cVACIA, cVACIA, cREY_B, cVACIA, cVACIA, cVACIA, cVACIA},
       12:   50:    };
        1:   50-block  0
call    0 returned 1
call    1 returned 1
branch  2 taken 1 (fallthrough)
branch  3 taken 0 (throw)
        1:   50-block  1
call    4 returned 1
call    5 returned 1
branch  6 taken 1 (fallthrough)
branch  7 taken 0 (throw)
        1:   50-block  2
call    8 returned 1
call    9 returned 1
branch 10 taken 1 (fallthrough)
branch 11 taken 0 (throw)
        1:   50-block  3
call   12 returned 1
call   13 returned 1
branch 14 taken 1 (fallthrough)
branch 15 taken 0 (throw)
        1:   50-block  4
call   16 returned 1
call   17 returned 1
branch 18 taken 1 (fallthrough)
branch 19 taken 0 (throw)
        1:   50-block  5
call   20 returned 1
call   21 returned 1
branch 22 taken 1 (fallthrough)
branch 23 taken 0 (throw)
        1:   50-block  6
call   24 returned 1
call   25 returned 1
branch 26 taken 1 (fallthrough)
branch 27 taken 0 (throw)
        1:   50-block  7
call   28 returned 1
call   29 returned 1
branch 30 taken 1 (fallthrough)
branch 31 taken 0 (throw)
        1:   50-block  8
call   32 returned 1
call   33 returned 1
branch 34 taken 1 (fallthrough)
branch 35 taken 0 (throw)
        8:   50-block  9
call   36 returned 8
        1:   50-block 10
call   37 returned 1
call   38 returned 1
call   39 returned 1
call   40 returned 1
call   41 returned 1
call   42 returned 1
call   43 returned 1
call   44 returned 1
call   45 returned 1
    $$$$$:   50-block 11
    $$$$$:   50-block 12
call   46 never executed
    $$$$$:   50-block 13
    $$$$$:   50-block 14
    $$$$$:   50-block 15
    $$$$$:   50-block 16
    $$$$$:   50-block 17
    $$$$$:   50-block 18
    $$$$$:   50-block 19
    $$$$$:   50-block 20
    $$$$$:   50-block 21
    $$$$$:   50-block 22
    $$$$$:   50-block 23
    $$$$$:   50-block 24
    $$$$$:   50-block 25
    $$$$$:   50-block 26
    $$$$$:   50-block 27
    $$$$$:   50-block 28
    $$$$$:   50-block 29
    $$$$$:   50-block 30
call   47 never executed
        2:   51:	posicion p = make_pair(t, BLANCO);
call    0 returned 1
branch  1 taken 1 (fallthrough)
branch  2 taken 0 (throw)
call    3 returned 1
    $$$$$:   51-block  0
    $$$$$:   51-block  1
call    4 never executed
        -:   52:
       1*:   53:	EXPECT_TRUE(hayJaqueDescubierto(p));
        1:   53-block  0
call    0 returned 1
branch  1 taken 1 (fallthrough)
branch  2 taken 0 (throw)
        1:   53-block  1
call    3 returned 1
branch  4 taken 1 (fallthrough)
branch  5 taken 0 (throw)
        1:   53-block  2
call    6 returned 1
branch  7 taken 0 (fallthrough)
branch  8 taken 1
    %%%%%:   53-block  3
call    9 never executed
branch 10 never executed
branch 11 never executed
    %%%%%:   53-block  4
call   12 never executed
branch 13 never executed
branch 14 never executed
    %%%%%:   53-block  5
call   15 never executed
call   16 never executed
branch 17 never executed
branch 18 never executed
    %%%%%:   53-block  6
call   19 never executed
branch 20 never executed
branch 21 never executed
    %%%%%:   53-block  7
call   22 never executed
call   23 never executed
call   24 never executed
        1:   53-block  8
call   25 returned 1
    $$$$$:   53-block  9
    $$$$$:   53-block 10
call   26 never executed
    $$$$$:   53-block 11
    $$$$$:   53-block 12
call   27 never executed
    $$$$$:   53-block 13
    $$$$$:   53-block 14
call   28 never executed
    $$$$$:   53-block 15
    $$$$$:   53-block 16
call   29 never executed
        1:   54:}
------------------
_ZN45hayJaqueDescubiertoTEST_jaqueDescubierto_TestC1Ev:
function _ZN45hayJaqueDescubiertoTEST_jaqueDescubierto_TestC1Ev called 1 returned 100% blocks executed 100%
        1:   40:TEST(hayJaqueDescubiertoTEST, jaqueDescubierto) {
        1:   40-block  0
call    0 returned 1
------------------
