        -:    0:Source:C:/Users/Lucho/Documents/GitHub/aChessImplementation/tests/ej8_ejecutarSecuenciaForzadaTEST.cpp
        -:    0:Graph:C:\Users\Lucho\Documents\GitHub\aChessImplementation\cmake-build-debug\CMakeFiles\ajedrezLite.dir\tests\ej8_ejecutarSecuenciaForzadaTEST.gcno
        -:    0:Data:C:\Users\Lucho\Documents\GitHub\aChessImplementation\cmake-build-debug\CMakeFiles\ajedrezLite.dir\tests\ej8_ejecutarSecuenciaForzadaTEST.gcda
        -:    0:Runs:1
        -:    0:Programs:1
        -:    1:#include "../definiciones.h"
        -:    2:#include "../ejercicios.h"
        -:    3:#include "../auxiliares.h"
        -:    4:#include "gtest/gtest.h"
        -:    5:# include <utility>
        -:    6:
        -:    7:using namespace std;
        -:    8:
        2:    9:TEST(ejecutarSecuenciaForzadaTEST, secuenciaForzada) {
        -:   10:	tablero t = {	// Figura 5 del enunciado del TPE
        -:   11:            {cVACIA, cVACIA, cVACIA, cVACIA, cVACIA, cVACIA, cVACIA, cVACIA},
        -:   12:            {cVACIA, cVACIA, cPEON_B, cVACIA, cVACIA, cVACIA, cVACIA, cVACIA},
        -:   13:            {cVACIA, cVACIA, cVACIA, cVACIA, cVACIA, cVACIA, cVACIA, cVACIA},
        -:   14:            {cVACIA, cVACIA, cVACIA, cVACIA, cVACIA, cVACIA, cVACIA, cREY_N},
        -:   15:            {cVACIA, cVACIA, cVACIA, cVACIA, cVACIA, cVACIA, cVACIA, cPEON_B},
        -:   16:            {cVACIA, cVACIA, cVACIA, cVACIA, cVACIA, cVACIA, cVACIA, cVACIA},
        -:   17:            {cVACIA, cVACIA, cVACIA, cTORRE_B, cVACIA, cVACIA, cVACIA, cVACIA},
        -:   18:            {cVACIA, cVACIA, cVACIA, cREY_B, cVACIA, cVACIA, cVACIA, cTORRE_B},
       12:   19:    };
        2:   20:    posicion p = make_pair(t, BLANCO);
        -:   21:    secuencia s = {
        -:   22:    	make_pair(make_pair(6,3),make_pair(6,6)), make_pair(make_pair(4,7),make_pair(3,7)),
        -:   23:    	make_pair(make_pair(3,7),make_pair(2,7)), make_pair(make_pair(1,2),make_pair(0,2))
        2:   24:    };
        -:   25:
        -:   26:    tablero t_fin = {	
        -:   27:            {cVACIA, cVACIA, cTORRE_B, cVACIA, cVACIA, cVACIA, cVACIA, cVACIA},
        -:   28:            {cVACIA, cVACIA, cVACIA, cVACIA, cVACIA, cVACIA, cVACIA, cREY_N},
        -:   29:            {cVACIA, cVACIA, cVACIA, cVACIA, cVACIA, cVACIA, cVACIA, cPEON_B},
        -:   30:            {cVACIA, cVACIA, cVACIA, cVACIA, cVACIA, cVACIA, cVACIA, cVACIA},
        -:   31:            {cVACIA, cVACIA, cVACIA, cVACIA, cVACIA, cVACIA, cVACIA, cVACIA},
        -:   32:            {cVACIA, cVACIA, cVACIA, cVACIA, cVACIA, cVACIA, cVACIA, cVACIA},
        -:   33:            {cVACIA, cVACIA, cVACIA, cVACIA, cVACIA, cVACIA, cTORRE_B, cVACIA},
        -:   34:            {cVACIA, cVACIA, cVACIA, cREY_B, cVACIA, cVACIA, cVACIA, cTORRE_B},
       12:   35:    };
        2:   36:    posicion p_fin = make_pair(t_fin, BLANCO);
        -:   37:
        1:   38:    ejecutarSecuenciaForzada(p, s);
       1*:   39:    EXPECT_EQ(p_fin, p);
        1:   40:}
------------------
_ZN50ejecutarSecuenciaForzadaTEST_secuenciaForzada_Test8TestBodyEv:
function _ZN50ejecutarSecuenciaForzadaTEST_secuenciaForzada_Test8TestBodyEv called 1 returned 100% blocks executed 37%
        1:    9:TEST(ejecutarSecuenciaForzadaTEST, secuenciaForzada) {
        -:   10:	tablero t = {	// Figura 5 del enunciado del TPE
        -:   11:            {cVACIA, cVACIA, cVACIA, cVACIA, cVACIA, cVACIA, cVACIA, cVACIA},
        -:   12:            {cVACIA, cVACIA, cPEON_B, cVACIA, cVACIA, cVACIA, cVACIA, cVACIA},
        -:   13:            {cVACIA, cVACIA, cVACIA, cVACIA, cVACIA, cVACIA, cVACIA, cVACIA},
        -:   14:            {cVACIA, cVACIA, cVACIA, cVACIA, cVACIA, cVACIA, cVACIA, cREY_N},
        -:   15:            {cVACIA, cVACIA, cVACIA, cVACIA, cVACIA, cVACIA, cVACIA, cPEON_B},
        -:   16:            {cVACIA, cVACIA, cVACIA, cVACIA, cVACIA, cVACIA, cVACIA, cVACIA},
        -:   17:            {cVACIA, cVACIA, cVACIA, cTORRE_B, cVACIA, cVACIA, cVACIA, cVACIA},
        -:   18:            {cVACIA, cVACIA, cVACIA, cREY_B, cVACIA, cVACIA, cVACIA, cTORRE_B},
       12:   19:    };
        1:   19-block  0
call    0 returned 1
call    1 returned 1
branch  2 taken 1 (fallthrough)
branch  3 taken 0 (throw)
        1:   19-block  1
call    4 returned 1
call    5 returned 1
branch  6 taken 1 (fallthrough)
branch  7 taken 0 (throw)
        1:   19-block  2
call    8 returned 1
call    9 returned 1
branch 10 taken 1 (fallthrough)
branch 11 taken 0 (throw)
        1:   19-block  3
call   12 returned 1
call   13 returned 1
branch 14 taken 1 (fallthrough)
branch 15 taken 0 (throw)
        1:   19-block  4
call   16 returned 1
call   17 returned 1
branch 18 taken 1 (fallthrough)
branch 19 taken 0 (throw)
        1:   19-block  5
call   20 returned 1
call   21 returned 1
branch 22 taken 1 (fallthrough)
branch 23 taken 0 (throw)
        1:   19-block  6
call   24 returned 1
call   25 returned 1
branch 26 taken 1 (fallthrough)
branch 27 taken 0 (throw)
        1:   19-block  7
call   28 returned 1
call   29 returned 1
branch 30 taken 1 (fallthrough)
branch 31 taken 0 (throw)
        1:   19-block  8
call   32 returned 1
call   33 returned 1
branch 34 taken 1 (fallthrough)
branch 35 taken 0 (throw)
        8:   19-block  9
call   36 returned 8
        1:   19-block 10
call   37 returned 1
call   38 returned 1
call   39 returned 1
call   40 returned 1
call   41 returned 1
call   42 returned 1
call   43 returned 1
call   44 returned 1
call   45 returned 1
    $$$$$:   19-block 11
    $$$$$:   19-block 12
call   46 never executed
    $$$$$:   19-block 13
    $$$$$:   19-block 14
    $$$$$:   19-block 15
    $$$$$:   19-block 16
    $$$$$:   19-block 17
    $$$$$:   19-block 18
    $$$$$:   19-block 19
    $$$$$:   19-block 20
    $$$$$:   19-block 21
    $$$$$:   19-block 22
    $$$$$:   19-block 23
    $$$$$:   19-block 24
    $$$$$:   19-block 25
    $$$$$:   19-block 26
    $$$$$:   19-block 27
    $$$$$:   19-block 28
    $$$$$:   19-block 29
    $$$$$:   19-block 30
call   47 never executed
        2:   20:    posicion p = make_pair(t, BLANCO);
call    0 returned 1
branch  1 taken 1 (fallthrough)
branch  2 taken 0 (throw)
call    3 returned 1
    $$$$$:   20-block  0
    $$$$$:   20-block  1
call    4 never executed
        -:   21:    secuencia s = {
        -:   22:    	make_pair(make_pair(6,3),make_pair(6,6)), make_pair(make_pair(4,7),make_pair(3,7)),
        -:   23:    	make_pair(make_pair(3,7),make_pair(2,7)), make_pair(make_pair(1,2),make_pair(0,2))
        2:   24:    };
        1:   24-block  0
call    0 returned 1
call    1 returned 1
branch  2 taken 1 (fallthrough)
branch  3 taken 0 (throw)
call    4 returned 1
    $$$$$:   24-block  1
    $$$$$:   24-block  2
    $$$$$:   24-block  3
call    5 never executed
        -:   25:
        -:   26:    tablero t_fin = {	
        -:   27:            {cVACIA, cVACIA, cTORRE_B, cVACIA, cVACIA, cVACIA, cVACIA, cVACIA},
        -:   28:            {cVACIA, cVACIA, cVACIA, cVACIA, cVACIA, cVACIA, cVACIA, cREY_N},
        -:   29:            {cVACIA, cVACIA, cVACIA, cVACIA, cVACIA, cVACIA, cVACIA, cPEON_B},
        -:   30:            {cVACIA, cVACIA, cVACIA, cVACIA, cVACIA, cVACIA, cVACIA, cVACIA},
        -:   31:            {cVACIA, cVACIA, cVACIA, cVACIA, cVACIA, cVACIA, cVACIA, cVACIA},
        -:   32:            {cVACIA, cVACIA, cVACIA, cVACIA, cVACIA, cVACIA, cVACIA, cVACIA},
        -:   33:            {cVACIA, cVACIA, cVACIA, cVACIA, cVACIA, cVACIA, cTORRE_B, cVACIA},
        -:   34:            {cVACIA, cVACIA, cVACIA, cREY_B, cVACIA, cVACIA, cVACIA, cTORRE_B},
       12:   35:    };
call    0 returned 1
call    1 returned 1
branch  2 taken 1 (fallthrough)
branch  3 taken 0 (throw)
        1:   35-block  0
call    4 returned 1
call    5 returned 1
branch  6 taken 1 (fallthrough)
branch  7 taken 0 (throw)
        1:   35-block  1
call    8 returned 1
call    9 returned 1
branch 10 taken 1 (fallthrough)
branch 11 taken 0 (throw)
        1:   35-block  2
call   12 returned 1
call   13 returned 1
branch 14 taken 1 (fallthrough)
branch 15 taken 0 (throw)
        1:   35-block  3
call   16 returned 1
call   17 returned 1
branch 18 taken 1 (fallthrough)
branch 19 taken 0 (throw)
        1:   35-block  4
call   20 returned 1
call   21 returned 1
branch 22 taken 1 (fallthrough)
branch 23 taken 0 (throw)
        1:   35-block  5
call   24 returned 1
call   25 returned 1
branch 26 taken 1 (fallthrough)
branch 27 taken 0 (throw)
        1:   35-block  6
call   28 returned 1
call   29 returned 1
branch 30 taken 1 (fallthrough)
branch 31 taken 0 (throw)
        1:   35-block  7
call   32 returned 1
call   33 returned 1
branch 34 taken 1 (fallthrough)
branch 35 taken 0 (throw)
        8:   35-block  8
call   36 returned 8
        1:   35-block  9
call   37 returned 1
call   38 returned 1
call   39 returned 1
call   40 returned 1
call   41 returned 1
call   42 returned 1
call   43 returned 1
call   44 returned 1
call   45 returned 1
    $$$$$:   35-block 10
    $$$$$:   35-block 11
call   46 never executed
    $$$$$:   35-block 12
    $$$$$:   35-block 13
    $$$$$:   35-block 14
    $$$$$:   35-block 15
    $$$$$:   35-block 16
    $$$$$:   35-block 17
    $$$$$:   35-block 18
    $$$$$:   35-block 19
    $$$$$:   35-block 20
    $$$$$:   35-block 21
    $$$$$:   35-block 22
    $$$$$:   35-block 23
    $$$$$:   35-block 24
    $$$$$:   35-block 25
    $$$$$:   35-block 26
    $$$$$:   35-block 27
    $$$$$:   35-block 28
    $$$$$:   35-block 29
call   47 never executed
        2:   36:    posicion p_fin = make_pair(t_fin, BLANCO);
call    0 returned 1
branch  1 taken 1 (fallthrough)
branch  2 taken 0 (throw)
call    3 returned 1
    $$$$$:   36-block  0
    $$$$$:   36-block  1
call    4 never executed
        -:   37:
        1:   38:    ejecutarSecuenciaForzada(p, s);
        1:   38-block  0
call    0 returned 1
branch  1 taken 1 (fallthrough)
branch  2 taken 0 (throw)
        1:   38-block  1
call    3 returned 1
branch  4 taken 1 (fallthrough)
branch  5 taken 0 (throw)
        1:   38-block  2
call    6 returned 1
    $$$$$:   38-block  3
call    7 never executed
    $$$$$:   38-block  4
       1*:   39:    EXPECT_EQ(p_fin, p);
call    0 returned 1
branch  1 taken 1 (fallthrough)
branch  2 taken 0 (throw)
        1:   39-block  0
call    3 returned 1
branch  4 taken 0 (fallthrough)
branch  5 taken 1
    %%%%%:   39-block  1
call    6 never executed
branch  7 never executed
branch  8 never executed
    %%%%%:   39-block  2
call    9 never executed
branch 10 never executed
branch 11 never executed
    %%%%%:   39-block  3
call   12 never executed
branch 13 never executed
branch 14 never executed
    %%%%%:   39-block  4
call   15 never executed
branch 16 never executed
branch 17 never executed
    %%%%%:   39-block  5
call   18 never executed
call   19 never executed
        1:   39-block  6
call   20 returned 1
    $$$$$:   39-block  7
call   21 never executed
    $$$$$:   39-block  8
    $$$$$:   39-block  9
call   22 never executed
    $$$$$:   39-block 10
    $$$$$:   39-block 11
call   23 never executed
        1:   40:}
------------------
_ZN50ejecutarSecuenciaForzadaTEST_secuenciaForzada_TestC1Ev:
function _ZN50ejecutarSecuenciaForzadaTEST_secuenciaForzada_TestC1Ev called 1 returned 100% blocks executed 100%
        1:    9:TEST(ejecutarSecuenciaForzadaTEST, secuenciaForzada) {
        1:    9-block  0
call    0 returned 1
------------------
