        -:    0:Source:C:/Users/Lucho/Documents/GitHub/aChessImplementation/tests/ej9_seVieneElJaqueEnTEST.cpp
        -:    0:Graph:C:\Users\Lucho\Documents\GitHub\aChessImplementation\cmake-build-debug\CMakeFiles\ajedrezLite.dir\tests\ej9_seVieneElJaqueEnTEST.gcno
        -:    0:Data:C:\Users\Lucho\Documents\GitHub\aChessImplementation\cmake-build-debug\CMakeFiles\ajedrezLite.dir\tests\ej9_seVieneElJaqueEnTEST.gcda
        -:    0:Runs:1
        -:    0:Programs:1
        -:    1:#include "../definiciones.h"
        -:    2:#include "../ejercicios.h"
        -:    3:#include "../auxiliares.h"
        -:    4:#include "gtest/gtest.h"
        -:    5:# include <utility>
        -:    6:
        -:    7:using namespace std;
        -:    8:
        2:    9:TEST(seVieneElJaqueEnTEST, hayMateEn1) {
        -:   10:    //hayMateEn1 (tablero de ejercicio 16 del TPE)
        -:   11:    tablero t = {{cVACIA, cVACIA, cVACIA, cVACIA, cVACIA, cVACIA, cVACIA, cREY_N},
        -:   12:                {cPEON_N, cVACIA, cVACIA, cVACIA, cVACIA, cVACIA, cVACIA, cPEON_N},
        -:   13:                {cVACIA, cVACIA, cVACIA, cVACIA, cVACIA, cVACIA, cVACIA, cPEON_B},
        -:   14:                {cVACIA, cVACIA, cVACIA, cVACIA, cTORRE_B, cVACIA, cVACIA, cVACIA},
        -:   15:                {cVACIA, cVACIA, cALFIL_B, cALFIL_B, cVACIA, cVACIA, cVACIA, cVACIA},
        -:   16:                {cVACIA, cVACIA, cVACIA, cVACIA, cVACIA, cVACIA, cVACIA, cVACIA},
        -:   17:                {cVACIA, cVACIA, cVACIA, cVACIA, cVACIA, cVACIA, cVACIA, cVACIA},
        -:   18:                {cVACIA, cVACIA, cVACIA, cREY_B, cVACIA, cVACIA, cVACIA, cVACIA},
       12:   19:    };
        2:   20:    posicion p = make_pair(t,BLANCO);
        1:   21:    int K_esperado = 1;
        -:   22:
       1*:   23:    EXPECT_EQ(K_esperado, seVieneElJaqueEn(p));
        1:   24:}
------------------
_ZN36seVieneElJaqueEnTEST_hayMateEn1_Test8TestBodyEv:
function _ZN36seVieneElJaqueEnTEST_hayMateEn1_Test8TestBodyEv called 1 returned 100% blocks executed 36%
        1:    9:TEST(seVieneElJaqueEnTEST, hayMateEn1) {
        -:   10:    //hayMateEn1 (tablero de ejercicio 16 del TPE)
        -:   11:    tablero t = {{cVACIA, cVACIA, cVACIA, cVACIA, cVACIA, cVACIA, cVACIA, cREY_N},
        -:   12:                {cPEON_N, cVACIA, cVACIA, cVACIA, cVACIA, cVACIA, cVACIA, cPEON_N},
        -:   13:                {cVACIA, cVACIA, cVACIA, cVACIA, cVACIA, cVACIA, cVACIA, cPEON_B},
        -:   14:                {cVACIA, cVACIA, cVACIA, cVACIA, cTORRE_B, cVACIA, cVACIA, cVACIA},
        -:   15:                {cVACIA, cVACIA, cALFIL_B, cALFIL_B, cVACIA, cVACIA, cVACIA, cVACIA},
        -:   16:                {cVACIA, cVACIA, cVACIA, cVACIA, cVACIA, cVACIA, cVACIA, cVACIA},
        -:   17:                {cVACIA, cVACIA, cVACIA, cVACIA, cVACIA, cVACIA, cVACIA, cVACIA},
        -:   18:                {cVACIA, cVACIA, cVACIA, cREY_B, cVACIA, cVACIA, cVACIA, cVACIA},
       12:   19:    };
        1:   19-block  0
call    0 returned 1
call    1 returned 1
branch  2 taken 1 (fallthrough)
branch  3 taken 0 (throw)
        1:   19-block  1
call    4 returned 1
call    5 returned 1
branch  6 taken 1 (fallthrough)
branch  7 taken 0 (throw)
        1:   19-block  2
call    8 returned 1
call    9 returned 1
branch 10 taken 1 (fallthrough)
branch 11 taken 0 (throw)
        1:   19-block  3
call   12 returned 1
call   13 returned 1
branch 14 taken 1 (fallthrough)
branch 15 taken 0 (throw)
        1:   19-block  4
call   16 returned 1
call   17 returned 1
branch 18 taken 1 (fallthrough)
branch 19 taken 0 (throw)
        1:   19-block  5
call   20 returned 1
call   21 returned 1
branch 22 taken 1 (fallthrough)
branch 23 taken 0 (throw)
        1:   19-block  6
call   24 returned 1
call   25 returned 1
branch 26 taken 1 (fallthrough)
branch 27 taken 0 (throw)
        1:   19-block  7
call   28 returned 1
call   29 returned 1
branch 30 taken 1 (fallthrough)
branch 31 taken 0 (throw)
        1:   19-block  8
call   32 returned 1
call   33 returned 1
branch 34 taken 1 (fallthrough)
branch 35 taken 0 (throw)
        8:   19-block  9
call   36 returned 8
        1:   19-block 10
call   37 returned 1
call   38 returned 1
call   39 returned 1
call   40 returned 1
call   41 returned 1
call   42 returned 1
call   43 returned 1
call   44 returned 1
call   45 returned 1
    $$$$$:   19-block 11
    $$$$$:   19-block 12
call   46 never executed
    $$$$$:   19-block 13
    $$$$$:   19-block 14
    $$$$$:   19-block 15
    $$$$$:   19-block 16
    $$$$$:   19-block 17
    $$$$$:   19-block 18
    $$$$$:   19-block 19
    $$$$$:   19-block 20
    $$$$$:   19-block 21
    $$$$$:   19-block 22
    $$$$$:   19-block 23
    $$$$$:   19-block 24
    $$$$$:   19-block 25
    $$$$$:   19-block 26
    $$$$$:   19-block 27
    $$$$$:   19-block 28
    $$$$$:   19-block 29
    $$$$$:   19-block 30
call   47 never executed
        2:   20:    posicion p = make_pair(t,BLANCO);
call    0 returned 1
branch  1 taken 1 (fallthrough)
branch  2 taken 0 (throw)
call    3 returned 1
    $$$$$:   20-block  0
    $$$$$:   20-block  1
call    4 never executed
        1:   21:    int K_esperado = 1;
        -:   22:
       1*:   23:    EXPECT_EQ(K_esperado, seVieneElJaqueEn(p));
        1:   23-block  0
call    0 returned 1
branch  1 taken 1 (fallthrough)
branch  2 taken 0 (throw)
        1:   23-block  1
call    3 returned 1
branch  4 taken 1 (fallthrough)
branch  5 taken 0 (throw)
        1:   23-block  2
call    6 returned 1
branch  7 taken 0 (fallthrough)
branch  8 taken 1
    %%%%%:   23-block  3
call    9 never executed
branch 10 never executed
branch 11 never executed
    %%%%%:   23-block  4
call   12 never executed
branch 13 never executed
branch 14 never executed
    %%%%%:   23-block  5
call   15 never executed
branch 16 never executed
branch 17 never executed
    %%%%%:   23-block  6
call   18 never executed
branch 19 never executed
branch 20 never executed
    %%%%%:   23-block  7
call   21 never executed
call   22 never executed
        1:   23-block  8
call   23 returned 1
    $$$$$:   23-block  9
    $$$$$:   23-block 10
call   24 never executed
    $$$$$:   23-block 11
    $$$$$:   23-block 12
call   25 never executed
    $$$$$:   23-block 13
    $$$$$:   23-block 14
call   26 never executed
        1:   24:}
------------------
_ZN36seVieneElJaqueEnTEST_hayMateEn1_TestC1Ev:
function _ZN36seVieneElJaqueEnTEST_hayMateEn1_TestC1Ev called 1 returned 100% blocks executed 100%
        1:    9:TEST(seVieneElJaqueEnTEST, hayMateEn1) {
        1:    9-block  0
call    0 returned 1
------------------
        -:   25:    
        2:   26:TEST(seVieneElJaqueEnTEST, hayMateEn2_v1) {
        -:   27:    //hayMateEn2 (tablero de ejercicio 17 del TPE)
        -:   28:    tablero t = {{cVACIA, cVACIA, cVACIA, cVACIA, cVACIA, cVACIA, cVACIA, cREY_N},
        -:   29:                {cVACIA, cVACIA, cPEON_B, cVACIA, cVACIA, cVACIA, cVACIA, cVACIA},
        -:   30:                {cVACIA, cVACIA, cVACIA, cVACIA, cVACIA, cVACIA, cVACIA, cPEON_B},
        -:   31:                {cVACIA, cVACIA, cVACIA, cVACIA, cVACIA, cVACIA, cVACIA, cVACIA},
        -:   32:                {cVACIA, cVACIA, cVACIA, cVACIA, cVACIA, cVACIA, cVACIA, cVACIA},
        -:   33:                {cVACIA, cVACIA, cVACIA, cVACIA, cVACIA, cVACIA, cVACIA, cVACIA},
        -:   34:                {cVACIA, cVACIA, cVACIA, cVACIA, cVACIA, cVACIA, cTORRE_B, cVACIA},
        -:   35:                {cVACIA, cVACIA, cREY_B, cVACIA, cVACIA, cVACIA, cVACIA, cTORRE_B},
       12:   36:    };
        2:   37:    posicion p = make_pair(t,BLANCO);
        1:   38:    int K_esperado = 2;
        -:   39:
       1*:   40:    EXPECT_EQ(K_esperado, seVieneElJaqueEn(p));
        1:   41:}
------------------
_ZN39seVieneElJaqueEnTEST_hayMateEn2_v1_Test8TestBodyEv:
function _ZN39seVieneElJaqueEnTEST_hayMateEn2_v1_Test8TestBodyEv called 1 returned 100% blocks executed 36%
        1:   26:TEST(seVieneElJaqueEnTEST, hayMateEn2_v1) {
        -:   27:    //hayMateEn2 (tablero de ejercicio 17 del TPE)
        -:   28:    tablero t = {{cVACIA, cVACIA, cVACIA, cVACIA, cVACIA, cVACIA, cVACIA, cREY_N},
        -:   29:                {cVACIA, cVACIA, cPEON_B, cVACIA, cVACIA, cVACIA, cVACIA, cVACIA},
        -:   30:                {cVACIA, cVACIA, cVACIA, cVACIA, cVACIA, cVACIA, cVACIA, cPEON_B},
        -:   31:                {cVACIA, cVACIA, cVACIA, cVACIA, cVACIA, cVACIA, cVACIA, cVACIA},
        -:   32:                {cVACIA, cVACIA, cVACIA, cVACIA, cVACIA, cVACIA, cVACIA, cVACIA},
        -:   33:                {cVACIA, cVACIA, cVACIA, cVACIA, cVACIA, cVACIA, cVACIA, cVACIA},
        -:   34:                {cVACIA, cVACIA, cVACIA, cVACIA, cVACIA, cVACIA, cTORRE_B, cVACIA},
        -:   35:                {cVACIA, cVACIA, cREY_B, cVACIA, cVACIA, cVACIA, cVACIA, cTORRE_B},
       12:   36:    };
        1:   36-block  0
call    0 returned 1
call    1 returned 1
branch  2 taken 1 (fallthrough)
branch  3 taken 0 (throw)
        1:   36-block  1
call    4 returned 1
call    5 returned 1
branch  6 taken 1 (fallthrough)
branch  7 taken 0 (throw)
        1:   36-block  2
call    8 returned 1
call    9 returned 1
branch 10 taken 1 (fallthrough)
branch 11 taken 0 (throw)
        1:   36-block  3
call   12 returned 1
call   13 returned 1
branch 14 taken 1 (fallthrough)
branch 15 taken 0 (throw)
        1:   36-block  4
call   16 returned 1
call   17 returned 1
branch 18 taken 1 (fallthrough)
branch 19 taken 0 (throw)
        1:   36-block  5
call   20 returned 1
call   21 returned 1
branch 22 taken 1 (fallthrough)
branch 23 taken 0 (throw)
        1:   36-block  6
call   24 returned 1
call   25 returned 1
branch 26 taken 1 (fallthrough)
branch 27 taken 0 (throw)
        1:   36-block  7
call   28 returned 1
call   29 returned 1
branch 30 taken 1 (fallthrough)
branch 31 taken 0 (throw)
        1:   36-block  8
call   32 returned 1
call   33 returned 1
branch 34 taken 1 (fallthrough)
branch 35 taken 0 (throw)
        8:   36-block  9
call   36 returned 8
        1:   36-block 10
call   37 returned 1
call   38 returned 1
call   39 returned 1
call   40 returned 1
call   41 returned 1
call   42 returned 1
call   43 returned 1
call   44 returned 1
call   45 returned 1
    $$$$$:   36-block 11
    $$$$$:   36-block 12
call   46 never executed
    $$$$$:   36-block 13
    $$$$$:   36-block 14
    $$$$$:   36-block 15
    $$$$$:   36-block 16
    $$$$$:   36-block 17
    $$$$$:   36-block 18
    $$$$$:   36-block 19
    $$$$$:   36-block 20
    $$$$$:   36-block 21
    $$$$$:   36-block 22
    $$$$$:   36-block 23
    $$$$$:   36-block 24
    $$$$$:   36-block 25
    $$$$$:   36-block 26
    $$$$$:   36-block 27
    $$$$$:   36-block 28
    $$$$$:   36-block 29
    $$$$$:   36-block 30
call   47 never executed
        2:   37:    posicion p = make_pair(t,BLANCO);
call    0 returned 1
branch  1 taken 1 (fallthrough)
branch  2 taken 0 (throw)
call    3 returned 1
    $$$$$:   37-block  0
    $$$$$:   37-block  1
call    4 never executed
        1:   38:    int K_esperado = 2;
        -:   39:
       1*:   40:    EXPECT_EQ(K_esperado, seVieneElJaqueEn(p));
        1:   40-block  0
call    0 returned 1
branch  1 taken 1 (fallthrough)
branch  2 taken 0 (throw)
        1:   40-block  1
call    3 returned 1
branch  4 taken 1 (fallthrough)
branch  5 taken 0 (throw)
        1:   40-block  2
call    6 returned 1
branch  7 taken 0 (fallthrough)
branch  8 taken 1
    %%%%%:   40-block  3
call    9 never executed
branch 10 never executed
branch 11 never executed
    %%%%%:   40-block  4
call   12 never executed
branch 13 never executed
branch 14 never executed
    %%%%%:   40-block  5
call   15 never executed
branch 16 never executed
branch 17 never executed
    %%%%%:   40-block  6
call   18 never executed
branch 19 never executed
branch 20 never executed
    %%%%%:   40-block  7
call   21 never executed
call   22 never executed
        1:   40-block  8
call   23 returned 1
    $$$$$:   40-block  9
    $$$$$:   40-block 10
call   24 never executed
    $$$$$:   40-block 11
    $$$$$:   40-block 12
call   25 never executed
    $$$$$:   40-block 13
    $$$$$:   40-block 14
call   26 never executed
        1:   41:}
------------------
_ZN39seVieneElJaqueEnTEST_hayMateEn2_v1_TestC1Ev:
function _ZN39seVieneElJaqueEnTEST_hayMateEn2_v1_TestC1Ev called 1 returned 100% blocks executed 100%
        1:   26:TEST(seVieneElJaqueEnTEST, hayMateEn2_v1) {
        1:   26-block  0
call    0 returned 1
------------------
        -:   42:
        2:   43:TEST(seVieneElJaqueEnTEST, hayMateEn2_v2) {
        -:   44:    //hayMateEn2
        -:   45:    tablero t = {{cTORRE_N, cVACIA, cVACIA, cVACIA, cVACIA, cVACIA, cTORRE_N, cREY_N},
        -:   46:                {cVACIA, cVACIA, cVACIA, cVACIA, cVACIA, cVACIA, cVACIA, cVACIA},
        -:   47:                {cALFIL_N, cVACIA, cPEON_N, cVACIA, cVACIA, cPEON_N, cVACIA, cVACIA},
        -:   48:                {cVACIA, cVACIA, cVACIA, cPEON_N, cPEON_N, cVACIA, cVACIA, cVACIA},
        -:   49:                {cVACIA, cVACIA, cVACIA, cVACIA, cPEON_B, cTORRE_N, cVACIA, cVACIA},
        -:   50:                {cVACIA, cALFIL_B, cPEON_B, cVACIA, cVACIA, cVACIA, cTORRE_B, cVACIA},
        -:   51:                {cPEON_B, cVACIA, cVACIA, cVACIA, cVACIA, cPEON_B, cVACIA, cPEON_B},
        -:   52:                {cVACIA, cVACIA, cVACIA, cVACIA, cVACIA, cVACIA, cTORRE_B, cREY_B},
       12:   53:    };
        2:   54:    posicion p = make_pair(t,BLANCO);
        1:   55:    int K_esperado = 2;
        -:   56:
       1*:   57:    EXPECT_EQ(K_esperado, seVieneElJaqueEn(p));
        1:   58:}
------------------
_ZN39seVieneElJaqueEnTEST_hayMateEn2_v2_Test8TestBodyEv:
function _ZN39seVieneElJaqueEnTEST_hayMateEn2_v2_Test8TestBodyEv called 1 returned 100% blocks executed 36%
        1:   43:TEST(seVieneElJaqueEnTEST, hayMateEn2_v2) {
        -:   44:    //hayMateEn2
        -:   45:    tablero t = {{cTORRE_N, cVACIA, cVACIA, cVACIA, cVACIA, cVACIA, cTORRE_N, cREY_N},
        -:   46:                {cVACIA, cVACIA, cVACIA, cVACIA, cVACIA, cVACIA, cVACIA, cVACIA},
        -:   47:                {cALFIL_N, cVACIA, cPEON_N, cVACIA, cVACIA, cPEON_N, cVACIA, cVACIA},
        -:   48:                {cVACIA, cVACIA, cVACIA, cPEON_N, cPEON_N, cVACIA, cVACIA, cVACIA},
        -:   49:                {cVACIA, cVACIA, cVACIA, cVACIA, cPEON_B, cTORRE_N, cVACIA, cVACIA},
        -:   50:                {cVACIA, cALFIL_B, cPEON_B, cVACIA, cVACIA, cVACIA, cTORRE_B, cVACIA},
        -:   51:                {cPEON_B, cVACIA, cVACIA, cVACIA, cVACIA, cPEON_B, cVACIA, cPEON_B},
        -:   52:                {cVACIA, cVACIA, cVACIA, cVACIA, cVACIA, cVACIA, cTORRE_B, cREY_B},
       12:   53:    };
        1:   53-block  0
call    0 returned 1
call    1 returned 1
branch  2 taken 1 (fallthrough)
branch  3 taken 0 (throw)
        1:   53-block  1
call    4 returned 1
call    5 returned 1
branch  6 taken 1 (fallthrough)
branch  7 taken 0 (throw)
        1:   53-block  2
call    8 returned 1
call    9 returned 1
branch 10 taken 1 (fallthrough)
branch 11 taken 0 (throw)
        1:   53-block  3
call   12 returned 1
call   13 returned 1
branch 14 taken 1 (fallthrough)
branch 15 taken 0 (throw)
        1:   53-block  4
call   16 returned 1
call   17 returned 1
branch 18 taken 1 (fallthrough)
branch 19 taken 0 (throw)
        1:   53-block  5
call   20 returned 1
call   21 returned 1
branch 22 taken 1 (fallthrough)
branch 23 taken 0 (throw)
        1:   53-block  6
call   24 returned 1
call   25 returned 1
branch 26 taken 1 (fallthrough)
branch 27 taken 0 (throw)
        1:   53-block  7
call   28 returned 1
call   29 returned 1
branch 30 taken 1 (fallthrough)
branch 31 taken 0 (throw)
        1:   53-block  8
call   32 returned 1
call   33 returned 1
branch 34 taken 1 (fallthrough)
branch 35 taken 0 (throw)
        8:   53-block  9
call   36 returned 8
        1:   53-block 10
call   37 returned 1
call   38 returned 1
call   39 returned 1
call   40 returned 1
call   41 returned 1
call   42 returned 1
call   43 returned 1
call   44 returned 1
call   45 returned 1
    $$$$$:   53-block 11
    $$$$$:   53-block 12
call   46 never executed
    $$$$$:   53-block 13
    $$$$$:   53-block 14
    $$$$$:   53-block 15
    $$$$$:   53-block 16
    $$$$$:   53-block 17
    $$$$$:   53-block 18
    $$$$$:   53-block 19
    $$$$$:   53-block 20
    $$$$$:   53-block 21
    $$$$$:   53-block 22
    $$$$$:   53-block 23
    $$$$$:   53-block 24
    $$$$$:   53-block 25
    $$$$$:   53-block 26
    $$$$$:   53-block 27
    $$$$$:   53-block 28
    $$$$$:   53-block 29
    $$$$$:   53-block 30
call   47 never executed
        2:   54:    posicion p = make_pair(t,BLANCO);
call    0 returned 1
branch  1 taken 1 (fallthrough)
branch  2 taken 0 (throw)
call    3 returned 1
    $$$$$:   54-block  0
    $$$$$:   54-block  1
call    4 never executed
        1:   55:    int K_esperado = 2;
        -:   56:
       1*:   57:    EXPECT_EQ(K_esperado, seVieneElJaqueEn(p));
        1:   57-block  0
call    0 returned 1
branch  1 taken 1 (fallthrough)
branch  2 taken 0 (throw)
        1:   57-block  1
call    3 returned 1
branch  4 taken 1 (fallthrough)
branch  5 taken 0 (throw)
        1:   57-block  2
call    6 returned 1
branch  7 taken 0 (fallthrough)
branch  8 taken 1
    %%%%%:   57-block  3
call    9 never executed
branch 10 never executed
branch 11 never executed
    %%%%%:   57-block  4
call   12 never executed
branch 13 never executed
branch 14 never executed
    %%%%%:   57-block  5
call   15 never executed
branch 16 never executed
branch 17 never executed
    %%%%%:   57-block  6
call   18 never executed
branch 19 never executed
branch 20 never executed
    %%%%%:   57-block  7
call   21 never executed
call   22 never executed
        1:   57-block  8
call   23 returned 1
    $$$$$:   57-block  9
    $$$$$:   57-block 10
call   24 never executed
    $$$$$:   57-block 11
    $$$$$:   57-block 12
call   25 never executed
    $$$$$:   57-block 13
    $$$$$:   57-block 14
call   26 never executed
        1:   58:}
------------------
_ZN39seVieneElJaqueEnTEST_hayMateEn2_v2_TestC1Ev:
function _ZN39seVieneElJaqueEnTEST_hayMateEn2_v2_TestC1Ev called 1 returned 100% blocks executed 100%
        1:   43:TEST(seVieneElJaqueEnTEST, hayMateEn2_v2) {
        1:   43-block  0
call    0 returned 1
------------------
        -:   59:
        2:   60:TEST(seVieneElJaqueEnTEST, hayMateEn3) {
        -:   61:    //hayMateEn3
        -:   62:    tablero t = {{cTORRE_N, cVACIA, cVACIA, cVACIA, cVACIA, cVACIA, cVACIA, cVACIA},
        -:   63:                {cPEON_N, cVACIA, cVACIA, cVACIA, cVACIA, cVACIA, cVACIA, cPEON_N},
        -:   64:                {cVACIA, cPEON_N, cVACIA, cTORRE_B, cVACIA, cVACIA, cPEON_N, cVACIA},
        -:   65:                {cVACIA, cTORRE_B, cVACIA, cVACIA, cVACIA, cVACIA, cVACIA, cALFIL_N},
        -:   66:                {cVACIA, cPEON_B, cVACIA, cVACIA, cPEON_N, cVACIA, cREY_N, cVACIA},
        -:   67:                {cPEON_B, cVACIA, cVACIA, cVACIA, cVACIA, cVACIA, cPEON_B, cVACIA},
        -:   68:                {cTORRE_N, cVACIA, cVACIA, cVACIA, cPEON_B, cPEON_B, cREY_B, cVACIA},
        -:   69:                {cVACIA, cVACIA, cVACIA, cVACIA, cVACIA, cVACIA, cVACIA, cVACIA},
       12:   70:    };
        2:   71:    posicion p = make_pair(t,BLANCO);
        1:   72:    int K_esperado = 3;
        -:   73:
       1*:   74:    EXPECT_EQ(K_esperado, seVieneElJaqueEn(p));
        1:   75:}
------------------
_ZN36seVieneElJaqueEnTEST_hayMateEn3_Test8TestBodyEv:
function _ZN36seVieneElJaqueEnTEST_hayMateEn3_Test8TestBodyEv called 1 returned 100% blocks executed 36%
        1:   60:TEST(seVieneElJaqueEnTEST, hayMateEn3) {
        -:   61:    //hayMateEn3
        -:   62:    tablero t = {{cTORRE_N, cVACIA, cVACIA, cVACIA, cVACIA, cVACIA, cVACIA, cVACIA},
        -:   63:                {cPEON_N, cVACIA, cVACIA, cVACIA, cVACIA, cVACIA, cVACIA, cPEON_N},
        -:   64:                {cVACIA, cPEON_N, cVACIA, cTORRE_B, cVACIA, cVACIA, cPEON_N, cVACIA},
        -:   65:                {cVACIA, cTORRE_B, cVACIA, cVACIA, cVACIA, cVACIA, cVACIA, cALFIL_N},
        -:   66:                {cVACIA, cPEON_B, cVACIA, cVACIA, cPEON_N, cVACIA, cREY_N, cVACIA},
        -:   67:                {cPEON_B, cVACIA, cVACIA, cVACIA, cVACIA, cVACIA, cPEON_B, cVACIA},
        -:   68:                {cTORRE_N, cVACIA, cVACIA, cVACIA, cPEON_B, cPEON_B, cREY_B, cVACIA},
        -:   69:                {cVACIA, cVACIA, cVACIA, cVACIA, cVACIA, cVACIA, cVACIA, cVACIA},
       12:   70:    };
        1:   70-block  0
call    0 returned 1
call    1 returned 1
branch  2 taken 1 (fallthrough)
branch  3 taken 0 (throw)
        1:   70-block  1
call    4 returned 1
call    5 returned 1
branch  6 taken 1 (fallthrough)
branch  7 taken 0 (throw)
        1:   70-block  2
call    8 returned 1
call    9 returned 1
branch 10 taken 1 (fallthrough)
branch 11 taken 0 (throw)
        1:   70-block  3
call   12 returned 1
call   13 returned 1
branch 14 taken 1 (fallthrough)
branch 15 taken 0 (throw)
        1:   70-block  4
call   16 returned 1
call   17 returned 1
branch 18 taken 1 (fallthrough)
branch 19 taken 0 (throw)
        1:   70-block  5
call   20 returned 1
call   21 returned 1
branch 22 taken 1 (fallthrough)
branch 23 taken 0 (throw)
        1:   70-block  6
call   24 returned 1
call   25 returned 1
branch 26 taken 1 (fallthrough)
branch 27 taken 0 (throw)
        1:   70-block  7
call   28 returned 1
call   29 returned 1
branch 30 taken 1 (fallthrough)
branch 31 taken 0 (throw)
        1:   70-block  8
call   32 returned 1
call   33 returned 1
branch 34 taken 1 (fallthrough)
branch 35 taken 0 (throw)
        8:   70-block  9
call   36 returned 8
        1:   70-block 10
call   37 returned 1
call   38 returned 1
call   39 returned 1
call   40 returned 1
call   41 returned 1
call   42 returned 1
call   43 returned 1
call   44 returned 1
call   45 returned 1
    $$$$$:   70-block 11
    $$$$$:   70-block 12
call   46 never executed
    $$$$$:   70-block 13
    $$$$$:   70-block 14
    $$$$$:   70-block 15
    $$$$$:   70-block 16
    $$$$$:   70-block 17
    $$$$$:   70-block 18
    $$$$$:   70-block 19
    $$$$$:   70-block 20
    $$$$$:   70-block 21
    $$$$$:   70-block 22
    $$$$$:   70-block 23
    $$$$$:   70-block 24
    $$$$$:   70-block 25
    $$$$$:   70-block 26
    $$$$$:   70-block 27
    $$$$$:   70-block 28
    $$$$$:   70-block 29
    $$$$$:   70-block 30
call   47 never executed
        2:   71:    posicion p = make_pair(t,BLANCO);
call    0 returned 1
branch  1 taken 1 (fallthrough)
branch  2 taken 0 (throw)
call    3 returned 1
    $$$$$:   71-block  0
    $$$$$:   71-block  1
call    4 never executed
        1:   72:    int K_esperado = 3;
        -:   73:
       1*:   74:    EXPECT_EQ(K_esperado, seVieneElJaqueEn(p));
        1:   74-block  0
call    0 returned 1
branch  1 taken 1 (fallthrough)
branch  2 taken 0 (throw)
        1:   74-block  1
call    3 returned 1
branch  4 taken 1 (fallthrough)
branch  5 taken 0 (throw)
        1:   74-block  2
call    6 returned 1
branch  7 taken 0 (fallthrough)
branch  8 taken 1
    %%%%%:   74-block  3
call    9 never executed
branch 10 never executed
branch 11 never executed
    %%%%%:   74-block  4
call   12 never executed
branch 13 never executed
branch 14 never executed
    %%%%%:   74-block  5
call   15 never executed
branch 16 never executed
branch 17 never executed
    %%%%%:   74-block  6
call   18 never executed
branch 19 never executed
branch 20 never executed
    %%%%%:   74-block  7
call   21 never executed
call   22 never executed
        1:   74-block  8
call   23 returned 1
    $$$$$:   74-block  9
    $$$$$:   74-block 10
call   24 never executed
    $$$$$:   74-block 11
    $$$$$:   74-block 12
call   25 never executed
    $$$$$:   74-block 13
    $$$$$:   74-block 14
call   26 never executed
        1:   75:}
------------------
_ZN36seVieneElJaqueEnTEST_hayMateEn3_TestC1Ev:
function _ZN36seVieneElJaqueEnTEST_hayMateEn3_TestC1Ev called 1 returned 100% blocks executed 100%
        1:   60:TEST(seVieneElJaqueEnTEST, hayMateEn3) {
        1:   60-block  0
call    0 returned 1
------------------
