        -:    0:Source:C:/Users/Lucho/Documents/GitHub/aChessImplementation/ejercicios.cpp
        -:    0:Graph:C:\Users\Lucho\Documents\GitHub\aChessImplementation\cmake-build-debug\CMakeFiles\ajedrezLite.dir\ejercicios.gcno
        -:    0:Data:C:\Users\Lucho\Documents\GitHub\aChessImplementation\cmake-build-debug\CMakeFiles\ajedrezLite.dir\ejercicios.gcda
        -:    0:Runs:1
        -:    0:Programs:1
        -:    1:#include <iostream>
        -:    2:#include "ejercicios.h"
        -:    3:#include "definiciones.h"
        -:    4:#include "auxiliares.h"
        -:    5:using namespace std;
        -:    6:
        -:    7:// EJERCICIO 1
function _Z14posicionValidaRKSt4pairISt6vectorIS0_IS_IiiESaIS1_EESaIS3_EEiE called 5 returned 100% blocks executed 70%
        5:    8:bool posicionValida ( pair < tablero, int > const &p ) {
        5:    9:    return esJugadorValido(jugadorPosicion(p)) && esTableroValido(tableroActual(p));
        5:    9-block  0
call    0 returned 5
branch  1 taken 5 (fallthrough)
branch  2 taken 0 (throw)
        5:    9-block  1
call    3 returned 5
branch  4 taken 5 (fallthrough)
branch  5 taken 0 (throw)
        5:    9-block  2
call    6 returned 5
branch  7 taken 5 (fallthrough)
branch  8 taken 0 (throw)
        5:    9-block  3
branch  9 taken 5 (fallthrough)
branch 10 taken 0
        5:    9-block  4
call   11 returned 5
branch 12 taken 5 (fallthrough)
branch 13 taken 0 (throw)
        5:    9-block  5
call   14 returned 5
branch 15 taken 5 (fallthrough)
branch 16 taken 0 (throw)
        5:    9-block  6
branch 17 taken 1 (fallthrough)
branch 18 taken 4
        1:    9-block  7
        4:    9-block  8
        5:    9-block  9
branch 19 taken 5 (fallthrough)
branch 20 taken 0
        5:    9-block 10
call   21 returned 5
        5:    9-block 11
branch 22 taken 5 (fallthrough)
branch 23 taken 0
        5:    9-block 12
call   24 returned 5
        5:    9-block 13
        5:    9-block 14
    $$$$$:    9-block 15
branch 25 never executed
branch 26 never executed
    $$$$$:    9-block 16
call   27 never executed
    $$$$$:    9-block 17
    $$$$$:    9-block 18
branch 28 never executed
branch 29 never executed
    $$$$$:    9-block 19
call   30 never executed
        -:   10:}
        -:   11:
        -:   12:// EJERCICIO 2
function _Z15posicionInicialRKSt4pairISt6vectorIS0_IS_IiiESaIS1_EESaIS3_EEiE called 2 returned 100% blocks executed 69%
        2:   13:bool posicionInicial ( posicion const &p ) { //Pre: esPosicionValida(p)
        2:   14:    bool resp = piezasEnCoordenadas(tableroActual(p));
        2:   14-block  0
call    0 returned 2
call    1 returned 2
branch  2 taken 2 (fallthrough)
branch  3 taken 0 (throw)
        2:   14-block  1
call    4 returned 2
    $$$$$:   14-block  2
call    5 never executed
    $$$$$:   14-block  3
call    6 never executed
        2:   15:    resp = resp && cantidadPiezasAlInicio(tableroActual(p));
branch  0 taken 1 (fallthrough)
branch  1 taken 1
        1:   15-block  0
call    2 returned 1
branch  3 taken 1 (fallthrough)
branch  4 taken 0 (throw)
        1:   15-block  1
call    5 returned 1
branch  6 taken 1 (fallthrough)
branch  7 taken 0 (throw)
        1:   15-block  2
branch  8 taken 1 (fallthrough)
branch  9 taken 0
        1:   15-block  3
        1:   15-block  4
        2:   15-block  5
branch 10 taken 1 (fallthrough)
branch 11 taken 1
        1:   15-block  6
call   12 returned 1
    $$$$$:   15-block  7
branch 13 never executed
branch 14 never executed
    $$$$$:   15-block  8
call   15 never executed
    $$$$$:   15-block  9
call   16 never executed
        2:   16:    resp = resp && jugadorPosicion(p) == BLANCO;
        2:   16-block  0
branch  0 taken 1 (fallthrough)
branch  1 taken 1
        1:   16-block  1
call    2 returned 1
branch  3 taken 1 (fallthrough)
branch  4 taken 0 (throw)
        1:   16-block  2
call    5 returned 1
branch  6 taken 1 (fallthrough)
branch  7 taken 0 (throw)
        1:   16-block  3
branch  8 taken 1 (fallthrough)
branch  9 taken 0
        1:   16-block  4
        1:   16-block  5
        2:   16-block  6
branch 10 taken 1 (fallthrough)
branch 11 taken 1
        1:   16-block  7
call   12 returned 1
    $$$$$:   16-block  8
branch 13 never executed
branch 14 never executed
    $$$$$:   16-block  9
call   15 never executed
        2:   17:    return resp;
        2:   17-block  0
        2:   17-block  1
        -:   18:}
        -:   19:
        -:   20:// EJERCICIO 3
function _Z16casillasAtacadasRKSt4pairISt6vectorIS0_IS_IiiESaIS1_EESaIS3_EEiEi called 2 returned 100% blocks executed 78%
        2:   21:vector <coordenada> casillasAtacadas ( posicion const &p, int j ) {
        2:   22:    vector <coordenada> cA;
        2:   22-block  0
call    0 returned 2
       18:   23:    for (int i=0; i<ANCHO_TABLERO; i++){
       18:   23-block  0
branch  0 taken 16 (fallthrough)
branch  1 taken 2
       16:   23-block  1
      144:   24:        for (int k=0; k<ANCHO_TABLERO; k++){
       16:   24-block  0
      144:   24-block  1
branch  0 taken 128 (fallthrough)
branch  1 taken 16
      128:   24-block  2
      128:   25:            if (esCasillaAtacada(tableroActual(p),j,mp(i,k)))
      128:   25-block  0
call    0 returned 128
branch  1 taken 128 (fallthrough)
branch  2 taken 0 (throw)
      128:   25-block  1
call    3 returned 128
branch  4 taken 128 (fallthrough)
branch  5 taken 0 (throw)
      128:   25-block  2
call    6 returned 128
branch  7 taken 128 (fallthrough)
branch  8 taken 0 (throw)
      128:   25-block  3
call    9 returned 128
branch 10 taken 17 (fallthrough)
branch 11 taken 111
    $$$$$:   25-block  4
call   12 never executed
    $$$$$:   25-block  5
       17:   26:                cA.push_back(mp(i,k));
       17:   26-block  0
call    0 returned 17
branch  1 taken 17 (fallthrough)
branch  2 taken 0 (throw)
       17:   26-block  1
call    3 returned 17
branch  4 taken 17 (fallthrough)
branch  5 taken 0 (throw)
       17:   26-block  2
    $$$$$:   26-block  3
        -:   27:        }
        -:   28:    }
        2:   29:    return cA;
        2:   29-block  0
        2:   29-block  1
        -:   30:}
        -:   31:
        -:   32:// EJERCICIO 4
function _Z25posicionSiguienteCorrectaRKSt4pairISt6vectorIS0_IS_IiiESaIS1_EESaIS3_EEiES8_S1_S1_ called 2 returned 100% blocks executed 64%
        2:   33:bool posicionSiguienteCorrecta ( posicion const &p1, posicion const &p2, coordenada o, coordenada d ) {
        2:   34:    return posicionSiguiente(p1,p2,o,d);
        2:   34-block  0
call    0 returned 2
call    1 returned 2
branch  2 taken 2 (fallthrough)
branch  3 taken 0 (throw)
        2:   34-block  1
call    4 returned 2
branch  5 taken 2 (fallthrough)
branch  6 taken 0 (throw)
        2:   34-block  2
        2:   34-block  3
call    7 returned 2
call    8 returned 2
        2:   34-block  4
    $$$$$:   34-block  5
call    9 never executed
    $$$$$:   34-block  6
    $$$$$:   34-block  7
call   10 never executed
        -:   35:}
        -:   36:
        -:   37:// EJERCICIO 5
function _Z14ordenarTableroRSt4pairISt6vectorIS0_IS_IiiESaIS1_EESaIS3_EEiE called 2 returned 100% blocks executed 70%
        2:   38:void ordenarTablero ( posicion &p ) {
        2:   39:    tablero t = tableroActual(p);
        2:   39-block  0
call    0 returned 2
branch  1 taken 2 (fallthrough)
branch  2 taken 0 (throw)
    $$$$$:   39-block  1
call    3 never executed
       18:   40:    for (int f=0; f<ANCHO_TABLERO; f++){
        2:   40-block  0
       18:   40-block  1
branch  0 taken 16 (fallthrough)
branch  1 taken 2
       16:   40-block  2
       16:   41:        ordenarFila(t,f);
       16:   41-block  0
call    0 returned 16
branch  1 taken 16 (fallthrough)
branch  2 taken 0 (throw)
        -:   42:    }
        2:   43:    p = make_pair(t,jugadorPosicion(p));
        2:   43-block  0
call    0 returned 2
branch  1 taken 2 (fallthrough)
branch  2 taken 0 (throw)
        2:   43-block  1
call    3 returned 2
branch  4 taken 2 (fallthrough)
branch  5 taken 0 (throw)
        2:   43-block  2
call    6 returned 2
branch  7 taken 2 (fallthrough)
branch  8 taken 0 (throw)
        2:   43-block  3
call    9 returned 2
call   10 returned 2
call   11 returned 2
call   12 returned 2
    $$$$$:   43-block  4
    $$$$$:   43-block  5
call   13 never executed
    $$$$$:   43-block  6
        2:   44:}
        -:   45:
        -:   46:// EJERCICIO 6
function _Z14finDeLaPartidaRKSt4pairISt6vectorIS0_IS_IiiESaIS1_EESaIS3_EEiERi called 3 returned 100% blocks executed 69%
        3:   47:bool finDeLaPartida ( posicion const &p, int &j ) {
        -:   48:    bool resp;
        3:   49:    if (esEmpate(p)){ 
        3:   49-block  0
call    0 returned 3
call    1 returned 3
branch  2 taken 3 (fallthrough)
branch  3 taken 0 (throw)
        3:   49-block  1
call    4 returned 3
branch  5 taken 1 (fallthrough)
branch  6 taken 2
    $$$$$:   49-block  2
call    7 never executed
    $$$$$:   49-block  3
call    8 never executed
        1:   50:        j = 0; //Devuelve jugador = 0.
        1:   51:        resp = true; //La partida termina en empate.
        1:   51-block  0
        2:   52:    } else if (esJaqueMate(p)){
        2:   52-block  0
call    0 returned 2
call    1 returned 2
branch  2 taken 2 (fallthrough)
branch  3 taken 0 (throw)
        2:   52-block  1
call    4 returned 2
branch  5 taken 1 (fallthrough)
branch  6 taken 1
    $$$$$:   52-block  2
call    7 never executed
    $$$$$:   52-block  3
call    8 never executed
        1:   53:        j = contrincante(jugadorPosicion(p)); //Devuelve jugador ganador.
        1:   53-block  0
call    0 returned 1
call    1 returned 1
branch  2 taken 1 (fallthrough)
branch  3 taken 0 (throw)
        1:   53-block  1
call    4 returned 1
branch  5 taken 1 (fallthrough)
branch  6 taken 0 (throw)
        1:   53-block  2
call    7 returned 1
    $$$$$:   53-block  3
call    8 never executed
        1:   54:        resp = true; //La partida termina en jaqueMate.
        -:   55:    } else {
        1:   56:        resp = false; //La partida no termina.
        1:   56-block  0
        -:   57:    }
        3:   58:    return resp;
        3:   58-block  0
        3:   58-block  1
        -:   59:}
        -:   60:
        -:   61:// EJERCICIO 7
function _Z19hayJaqueDescubiertoRKSt4pairISt6vectorIS0_IS_IiiESaIS1_EESaIS3_EEiE called 2 returned 100% blocks executed 78%
        2:   62:bool hayJaqueDescubierto ( posicion const &p ) {
        2:   63:    return alMoverQuedaEnJaque(p);
        2:   63-block  0
call    0 returned 2
call    1 returned 2
branch  2 taken 2 (fallthrough)
branch  3 taken 0 (throw)
        2:   63-block  1
        2:   63-block  2
call    4 returned 2
        2:   63-block  3
    $$$$$:   63-block  4
call    5 never executed
        -:   64:}
        -:   65:
        -:   66:// EJERCICIO 8
function _Z24ejecutarSecuenciaForzadaRSt4pairISt6vectorIS0_IS_IiiESaIS1_EESaIS3_EEiES0_IS_IS1_S1_ESaIS8_EE called 1 returned 100% blocks executed 71%
        1:   67:void ejecutarSecuenciaForzada ( posicion &p, secuencia s ) {
        2:   68:    posicion posicion_secuencia, posicion_forzada = p;
        1:   68-block  0
call    0 returned 1
call    1 returned 1
branch  2 taken 1 (fallthrough)
branch  3 taken 0 (throw)
        1:   68-block  1
call    4 returned 1
call    5 returned 1
    $$$$$:   68-block  2
call    6 never executed
    $$$$$:   68-block  3
call    7 never executed
        5:   69:    for (int i=0; i<s.size(); i++){ //Pre: s.size()>0
        1:   69-block  0
        5:   69-block  1
call    0 returned 5
branch  1 taken 4 (fallthrough)
branch  2 taken 1
        4:   70:        posicion_secuencia = cambioDePosicion(posicion_forzada,s[i].first,s[i].second); //Pre: es legal.
        4:   70-block  0
call    0 returned 4
call    1 returned 4
call    2 returned 4
branch  3 taken 4 (fallthrough)
branch  4 taken 0 (throw)
        4:   70-block  1
call    5 returned 4
branch  6 taken 4 (fallthrough)
branch  7 taken 0 (throw)
        4:   70-block  2
call    8 returned 4
call    9 returned 4
call   10 returned 4
    $$$$$:   70-block  3
call   11 never executed
    $$$$$:   70-block  4
        4:   71:        posicion_forzada = cambioForzado(posicion_secuencia); //Pre: es forzado (unico movimiento) y legal.
call    0 returned 4
branch  1 taken 4 (fallthrough)
branch  2 taken 0 (throw)
        4:   71-block  0
call    3 returned 4
branch  4 taken 4 (fallthrough)
branch  5 taken 0 (throw)
        4:   71-block  1
call    6 returned 4
call    7 returned 4
call    8 returned 4
    $$$$$:   71-block  2
call    9 never executed
    $$$$$:   71-block  3
        -:   72:    }
        1:   73:    p = posicion_forzada;
        1:   73-block  0
call    0 returned 1
branch  1 taken 1 (fallthrough)
branch  2 taken 0 (throw)
        2:   74:    return;
        1:   74-block  0
        1:   74-block  1
        -:   75:}
        -:   76:
        -:   77:// EJERCICIO 9
function _Z16seVieneElJaqueEnRKSt4pairISt6vectorIS0_IS_IiiESaIS1_EESaIS3_EEiE called 4 returned 100% blocks executed 86%
        4:   78:int seVieneElJaqueEn ( posicion const &p ) { //Pre: máximo 3 jugadas, mínimo una jugada.
        4:   79:    int k = 1;
        4:   80:    bool resp = false; //Pre: La partida no termino.
        4:   80-block  0
       11:   81:    while (k<3 && !resp){
       11:   81-block  0
branch  0 taken 8 (fallthrough)
branch  1 taken 3
        8:   81-block  1
branch  2 taken 7 (fallthrough)
branch  3 taken 1
        7:   82:        resp = hayMateForzadoEn(p,k); //Se evalua en k=1 y k=2; si estos fallan, por descarte es k=3.
        7:   82-block  0
call    0 returned 7
call    1 returned 7
branch  2 taken 7 (fallthrough)
branch  3 taken 0 (throw)
        7:   82-block  1
call    4 returned 7
    $$$$$:   82-block  2
call    5 never executed
        7:   83:        k = k + 1;
        -:   84:    }
        4:   85:    if (resp){ //El ciclo termino antes de 3.
        4:   85-block  0
branch  0 taken 3 (fallthrough)
branch  1 taken 1
        3:   86:        k = k - 1;
        3:   86-block  0
        -:   87:    }
        4:   88:    return k;
        4:   88-block  0
        4:   88-block  1
        -:   89:}
        -:   90:
